[0.837s] Invoking command in '/home/radxa/turtlebot3_ws/build/rplidar_ros': CMAKE_PREFIX_PATH=${CMAKE_PREFIX_PATH}:/home/radxa/turtlebot3_ws/install/turtlebot3_teleop:/home/radxa/turtlebot3_ws/install/turtlebot3_example:/home/radxa/turtlebot3_ws/install/robot_base_interface:/opt/ros/jazzy DEBUGINFOD_URLS=https://debuginfod.ubuntu.com /usr/bin/cmake --build /home/radxa/turtlebot3_ws/build/rplidar_ros -- -j8 -l8
[1.054s] [  5%] Built target rplidar_client
[1.092s] [ 52%] Built target rplidar_node
[1.094s] [100%] Built target rplidar_composition
[1.339s] Invoked command in '/home/radxa/turtlebot3_ws/build/rplidar_ros' returned '0': CMAKE_PREFIX_PATH=${CMAKE_PREFIX_PATH}:/home/radxa/turtlebot3_ws/install/turtlebot3_teleop:/home/radxa/turtlebot3_ws/install/turtlebot3_example:/home/radxa/turtlebot3_ws/install/robot_base_interface:/opt/ros/jazzy DEBUGINFOD_URLS=https://debuginfod.ubuntu.com /usr/bin/cmake --build /home/radxa/turtlebot3_ws/build/rplidar_ros -- -j8 -l8
[1.341s] Invoking command in '/home/radxa/turtlebot3_ws/build/rplidar_ros': CMAKE_PREFIX_PATH=${CMAKE_PREFIX_PATH}:/home/radxa/turtlebot3_ws/install/turtlebot3_teleop:/home/radxa/turtlebot3_ws/install/turtlebot3_example:/home/radxa/turtlebot3_ws/install/robot_base_interface:/opt/ros/jazzy DEBUGINFOD_URLS=https://debuginfod.ubuntu.com /usr/bin/cmake --install /home/radxa/turtlebot3_ws/build/rplidar_ros
[1.374s] -- Install configuration: ""
[1.376s] -- Execute custom install script
[1.379s] -- Up-to-date symlink: /home/radxa/turtlebot3_ws/install/rplidar_ros/share/rplidar_ros/launch/rplidar_a1_launch.py
[1.380s] -- Up-to-date symlink: /home/radxa/turtlebot3_ws/install/rplidar_ros/share/rplidar_ros/launch/rplidar_a2m12_launch.py
[1.381s] -- Up-to-date symlink: /home/radxa/turtlebot3_ws/install/rplidar_ros/share/rplidar_ros/launch/rplidar_a2m7_launch.py
[1.382s] -- Up-to-date symlink: /home/radxa/turtlebot3_ws/install/rplidar_ros/share/rplidar_ros/launch/rplidar_a2m8_launch.py
[1.383s] -- Up-to-date symlink: /home/radxa/turtlebot3_ws/install/rplidar_ros/share/rplidar_ros/launch/rplidar_a3_launch.py
[1.385s] -- Up-to-date symlink: /home/radxa/turtlebot3_ws/install/rplidar_ros/share/rplidar_ros/launch/rplidar_c1_launch.py
[1.385s] -- Up-to-date symlink: /home/radxa/turtlebot3_ws/install/rplidar_ros/share/rplidar_ros/launch/rplidar_s1_launch.py
[1.386s] -- Up-to-date symlink: /home/radxa/turtlebot3_ws/install/rplidar_ros/share/rplidar_ros/launch/rplidar_s1_tcp_launch.py
[1.387s] -- Up-to-date symlink: /home/radxa/turtlebot3_ws/install/rplidar_ros/share/rplidar_ros/launch/rplidar_s2_launch.py
[1.387s] -- Up-to-date symlink: /home/radxa/turtlebot3_ws/install/rplidar_ros/share/rplidar_ros/launch/rplidar_s2e_launch.py
[1.388s] -- Up-to-date symlink: /home/radxa/turtlebot3_ws/install/rplidar_ros/share/rplidar_ros/launch/rplidar_s3_launch.py
[1.389s] -- Up-to-date symlink: /home/radxa/turtlebot3_ws/install/rplidar_ros/share/rplidar_ros/launch/rplidar_t1_launch.py
[1.390s] -- Up-to-date symlink: /home/radxa/turtlebot3_ws/install/rplidar_ros/share/rplidar_ros/launch/view_rplidar_a1_launch.py
[1.390s] -- Up-to-date symlink: /home/radxa/turtlebot3_ws/install/rplidar_ros/share/rplidar_ros/launch/view_rplidar_a2m12_launch.py
[1.391s] -- Up-to-date symlink: /home/radxa/turtlebot3_ws/install/rplidar_ros/share/rplidar_ros/launch/view_rplidar_a2m7_launch.py
[1.391s] -- Up-to-date symlink: /home/radxa/turtlebot3_ws/install/rplidar_ros/share/rplidar_ros/launch/view_rplidar_a2m8_launch.py
[1.392s] -- Up-to-date symlink: /home/radxa/turtlebot3_ws/install/rplidar_ros/share/rplidar_ros/launch/view_rplidar_a3_launch.py
[1.393s] -- Up-to-date symlink: /home/radxa/turtlebot3_ws/install/rplidar_ros/share/rplidar_ros/launch/view_rplidar_c1_launch.py
[1.393s] -- Up-to-date symlink: /home/radxa/turtlebot3_ws/install/rplidar_ros/share/rplidar_ros/launch/view_rplidar_s1_launch.py
[1.394s] -- Up-to-date symlink: /home/radxa/turtlebot3_ws/install/rplidar_ros/share/rplidar_ros/launch/view_rplidar_s1_tcp_launch.py
[1.395s] -- Up-to-date symlink: /home/radxa/turtlebot3_ws/install/rplidar_ros/share/rplidar_ros/launch/view_rplidar_s2_launch.py
[1.395s] -- Up-to-date symlink: /home/radxa/turtlebot3_ws/install/rplidar_ros/share/rplidar_ros/launch/view_rplidar_s2e_launch.py
[1.396s] -- Up-to-date symlink: /home/radxa/turtlebot3_ws/install/rplidar_ros/share/rplidar_ros/launch/view_rplidar_s3_launch.py
[1.397s] -- Up-to-date symlink: /home/radxa/turtlebot3_ws/install/rplidar_ros/share/rplidar_ros/launch/view_rplidar_t1_launch.py
[1.397s] -- Up-to-date symlink: /home/radxa/turtlebot3_ws/install/rplidar_ros/share/rplidar_ros/rviz/rplidar_ros.rviz
[1.398s] -- Up-to-date symlink: /home/radxa/turtlebot3_ws/install/rplidar_ros/lib/rplidar_ros/rplidar_node
[1.399s] -- Up-to-date symlink: /home/radxa/turtlebot3_ws/install/rplidar_ros/lib/rplidar_ros/rplidar_composition
[1.399s] -- Up-to-date symlink: /home/radxa/turtlebot3_ws/install/rplidar_ros/lib/rplidar_ros/rplidar_client
[1.400s] -- Up-to-date symlink: /home/radxa/turtlebot3_ws/install/rplidar_ros/share/ament_index/resource_index/package_run_dependencies/rplidar_ros
[1.400s] -- Up-to-date symlink: /home/radxa/turtlebot3_ws/install/rplidar_ros/share/ament_index/resource_index/parent_prefix_path/rplidar_ros
[1.401s] -- Up-to-date symlink: /home/radxa/turtlebot3_ws/install/rplidar_ros/share/rplidar_ros/environment/ament_prefix_path.sh
[1.402s] -- Up-to-date symlink: /home/radxa/turtlebot3_ws/install/rplidar_ros/share/rplidar_ros/environment/ament_prefix_path.dsv
[1.402s] -- Up-to-date symlink: /home/radxa/turtlebot3_ws/install/rplidar_ros/share/rplidar_ros/environment/path.sh
[1.404s] -- Up-to-date symlink: /home/radxa/turtlebot3_ws/install/rplidar_ros/share/rplidar_ros/environment/path.dsv
[1.405s] -- Up-to-date symlink: /home/radxa/turtlebot3_ws/install/rplidar_ros/share/rplidar_ros/local_setup.bash
[1.406s] -- Up-to-date symlink: /home/radxa/turtlebot3_ws/install/rplidar_ros/share/rplidar_ros/local_setup.sh
[1.406s] -- Up-to-date symlink: /home/radxa/turtlebot3_ws/install/rplidar_ros/share/rplidar_ros/local_setup.zsh
[1.407s] -- Up-to-date symlink: /home/radxa/turtlebot3_ws/install/rplidar_ros/share/rplidar_ros/local_setup.dsv
[1.407s] -- Symlinking: /home/radxa/turtlebot3_ws/install/rplidar_ros/share/rplidar_ros/package.dsv
[1.408s] -- Up-to-date symlink: /home/radxa/turtlebot3_ws/install/rplidar_ros/share/ament_index/resource_index/packages/rplidar_ros
[1.408s] -- Up-to-date symlink: /home/radxa/turtlebot3_ws/install/rplidar_ros/share/rplidar_ros/cmake/ament_cmake_export_dependencies-extras.cmake
[1.409s] -- Up-to-date symlink: /home/radxa/turtlebot3_ws/install/rplidar_ros/share/rplidar_ros/cmake/ament_cmake_export_include_directories-extras.cmake
[1.409s] -- Up-to-date symlink: /home/radxa/turtlebot3_ws/install/rplidar_ros/share/rplidar_ros/cmake/rplidar_rosConfig.cmake
[1.410s] -- Up-to-date symlink: /home/radxa/turtlebot3_ws/install/rplidar_ros/share/rplidar_ros/cmake/rplidar_rosConfig-version.cmake
[1.410s] -- Up-to-date symlink: /home/radxa/turtlebot3_ws/install/rplidar_ros/share/rplidar_ros/package.xml
[1.783s] Invoked command in '/home/radxa/turtlebot3_ws/build/rplidar_ros' returned '0': CMAKE_PREFIX_PATH=${CMAKE_PREFIX_PATH}:/home/radxa/turtlebot3_ws/install/turtlebot3_teleop:/home/radxa/turtlebot3_ws/install/turtlebot3_example:/home/radxa/turtlebot3_ws/install/robot_base_interface:/opt/ros/jazzy DEBUGINFOD_URLS=https://debuginfod.ubuntu.com /usr/bin/cmake --install /home/radxa/turtlebot3_ws/build/rplidar_ros
