[0.057s] Invoking command in '/home/radxa/turtlebot3_ws/build/turtlebot3_description': CMAKE_PREFIX_PATH=${CMAKE_PREFIX_PATH}:/home/radxa/turtlebot3_ws/install/turtlebot3_teleop:/home/radxa/turtlebot3_ws/install/turtlebot3_example:/home/radxa/turtlebot3_ws/install/robot_base_interface:/opt/ros/jazzy DEBUGINFOD_URLS=https://debuginfod.ubuntu.com /usr/bin/cmake --build /home/radxa/turtlebot3_ws/build/turtlebot3_description -- -j8 -l8
[0.903s] Invoked command in '/home/radxa/turtlebot3_ws/build/turtlebot3_description' returned '0': CMAKE_PREFIX_PATH=${CMAKE_PREFIX_PATH}:/home/radxa/turtlebot3_ws/install/turtlebot3_teleop:/home/radxa/turtlebot3_ws/install/turtlebot3_example:/home/radxa/turtlebot3_ws/install/robot_base_interface:/opt/ros/jazzy DEBUGINFOD_URLS=https://debuginfod.ubuntu.com /usr/bin/cmake --build /home/radxa/turtlebot3_ws/build/turtlebot3_description -- -j8 -l8
[0.905s] Invoking command in '/home/radxa/turtlebot3_ws/build/turtlebot3_description': CMAKE_PREFIX_PATH=${CMAKE_PREFIX_PATH}:/home/radxa/turtlebot3_ws/install/turtlebot3_teleop:/home/radxa/turtlebot3_ws/install/turtlebot3_example:/home/radxa/turtlebot3_ws/install/robot_base_interface:/opt/ros/jazzy DEBUGINFOD_URLS=https://debuginfod.ubuntu.com /usr/bin/cmake --install /home/radxa/turtlebot3_ws/build/turtlebot3_description
[0.943s] -- Install configuration: ""
[0.945s] -- Execute custom install script
[0.951s] -- Up-to-date symlink: /home/radxa/turtlebot3_ws/install/turtlebot3_description/share/turtlebot3_description/meshes/bases/burger_base.stl
[0.951s] -- Up-to-date symlink: /home/radxa/turtlebot3_ws/install/turtlebot3_description/share/turtlebot3_description/meshes/bases/waffle_base.stl
[0.953s] -- Up-to-date symlink: /home/radxa/turtlebot3_ws/install/turtlebot3_description/share/turtlebot3_description/meshes/bases/waffle_pi_base.stl
[0.953s] -- Up-to-date symlink: /home/radxa/turtlebot3_ws/install/turtlebot3_description/share/turtlebot3_description/meshes/sensors/astra.dae
[0.955s] -- Up-to-date symlink: /home/radxa/turtlebot3_ws/install/turtlebot3_description/share/turtlebot3_description/meshes/sensors/astra.jpg
[0.958s] -- Up-to-date symlink: /home/radxa/turtlebot3_ws/install/turtlebot3_description/share/turtlebot3_description/meshes/sensors/lds.stl
[0.958s] -- Up-to-date symlink: /home/radxa/turtlebot3_ws/install/turtlebot3_description/share/turtlebot3_description/meshes/sensors/r200.dae
[0.958s] -- Up-to-date symlink: /home/radxa/turtlebot3_ws/install/turtlebot3_description/share/turtlebot3_description/meshes/sensors/r200.jpg
[0.960s] -- Up-to-date symlink: /home/radxa/turtlebot3_ws/install/turtlebot3_description/share/turtlebot3_description/meshes/wheels/left_tire.stl
[0.960s] -- Up-to-date symlink: /home/radxa/turtlebot3_ws/install/turtlebot3_description/share/turtlebot3_description/meshes/wheels/right_tire.stl
[0.962s] -- Up-to-date symlink: /home/radxa/turtlebot3_ws/install/turtlebot3_description/share/turtlebot3_description/rviz/model.rviz
[0.966s] -- Up-to-date symlink: /home/radxa/turtlebot3_ws/install/turtlebot3_description/share/turtlebot3_description/urdf/common_properties.urdf
[0.966s] -- Up-to-date symlink: /home/radxa/turtlebot3_ws/install/turtlebot3_description/share/turtlebot3_description/urdf/turtlebot3_burger.urdf
[0.966s] -- Up-to-date symlink: /home/radxa/turtlebot3_ws/install/turtlebot3_description/share/turtlebot3_description/urdf/turtlebot3_waffle.urdf
[0.966s] -- Up-to-date symlink: /home/radxa/turtlebot3_ws/install/turtlebot3_description/share/turtlebot3_description/urdf/turtlebot3_waffle_pi.urdf
[0.971s] -- Up-to-date symlink: /home/radxa/turtlebot3_ws/install/turtlebot3_description/share/ament_index/resource_index/package_run_dependencies/turtlebot3_description
[0.978s] -- Up-to-date symlink: /home/radxa/turtlebot3_ws/install/turtlebot3_description/share/ament_index/resource_index/parent_prefix_path/turtlebot3_description
[0.981s] -- Up-to-date symlink: /home/radxa/turtlebot3_ws/install/turtlebot3_description/share/turtlebot3_description/environment/ament_prefix_path.sh
[0.985s] -- Up-to-date symlink: /home/radxa/turtlebot3_ws/install/turtlebot3_description/share/turtlebot3_description/environment/ament_prefix_path.dsv
[0.988s] -- Up-to-date symlink: /home/radxa/turtlebot3_ws/install/turtlebot3_description/share/turtlebot3_description/environment/path.sh
[0.992s] -- Up-to-date symlink: /home/radxa/turtlebot3_ws/install/turtlebot3_description/share/turtlebot3_description/environment/path.dsv
[0.993s] -- Up-to-date symlink: /home/radxa/turtlebot3_ws/install/turtlebot3_description/share/turtlebot3_description/local_setup.bash
[0.995s] -- Up-to-date symlink: /home/radxa/turtlebot3_ws/install/turtlebot3_description/share/turtlebot3_description/local_setup.sh
[0.998s] -- Up-to-date symlink: /home/radxa/turtlebot3_ws/install/turtlebot3_description/share/turtlebot3_description/local_setup.zsh
[1.001s] -- Up-to-date symlink: /home/radxa/turtlebot3_ws/install/turtlebot3_description/share/turtlebot3_description/local_setup.dsv
[1.003s] -- Symlinking: /home/radxa/turtlebot3_ws/install/turtlebot3_description/share/turtlebot3_description/package.dsv
[1.084s] -- Up-to-date symlink: /home/radxa/turtlebot3_ws/install/turtlebot3_description/share/ament_index/resource_index/packages/turtlebot3_description
[1.084s] -- Up-to-date symlink: /home/radxa/turtlebot3_ws/install/turtlebot3_description/share/turtlebot3_description/cmake/turtlebot3_descriptionConfig.cmake
[1.088s] -- Up-to-date symlink: /home/radxa/turtlebot3_ws/install/turtlebot3_description/share/turtlebot3_description/cmake/turtlebot3_descriptionConfig-version.cmake
[1.088s] -- Up-to-date symlink: /home/radxa/turtlebot3_ws/install/turtlebot3_description/share/turtlebot3_description/package.xml
[1.135s] Invoked command in '/home/radxa/turtlebot3_ws/build/turtlebot3_description' returned '0': CMAKE_PREFIX_PATH=${CMAKE_PREFIX_PATH}:/home/radxa/turtlebot3_ws/install/turtlebot3_teleop:/home/radxa/turtlebot3_ws/install/turtlebot3_example:/home/radxa/turtlebot3_ws/install/robot_base_interface:/opt/ros/jazzy DEBUGINFOD_URLS=https://debuginfod.ubuntu.com /usr/bin/cmake --install /home/radxa/turtlebot3_ws/build/turtlebot3_description
