[0.056s] Invoking command in '/home/radxa/turtlebot3_ws/build/turtlebot3_navigation2': CMAKE_PREFIX_PATH=${CMAKE_PREFIX_PATH}:/home/radxa/turtlebot3_ws/install/turtlebot3_teleop:/home/radxa/turtlebot3_ws/install/turtlebot3_example:/home/radxa/turtlebot3_ws/install/robot_base_interface:/opt/ros/jazzy DEBUGINFOD_URLS=https://debuginfod.ubuntu.com /usr/bin/cmake --build /home/radxa/turtlebot3_ws/build/turtlebot3_navigation2 -- -j8 -l8
[0.869s] Invoked command in '/home/radxa/turtlebot3_ws/build/turtlebot3_navigation2' returned '0': CMAKE_PREFIX_PATH=${CMAKE_PREFIX_PATH}:/home/radxa/turtlebot3_ws/install/turtlebot3_teleop:/home/radxa/turtlebot3_ws/install/turtlebot3_example:/home/radxa/turtlebot3_ws/install/robot_base_interface:/opt/ros/jazzy DEBUGINFOD_URLS=https://debuginfod.ubuntu.com /usr/bin/cmake --build /home/radxa/turtlebot3_ws/build/turtlebot3_navigation2 -- -j8 -l8
[0.872s] Invoking command in '/home/radxa/turtlebot3_ws/build/turtlebot3_navigation2': CMAKE_PREFIX_PATH=${CMAKE_PREFIX_PATH}:/home/radxa/turtlebot3_ws/install/turtlebot3_teleop:/home/radxa/turtlebot3_ws/install/turtlebot3_example:/home/radxa/turtlebot3_ws/install/robot_base_interface:/opt/ros/jazzy DEBUGINFOD_URLS=https://debuginfod.ubuntu.com /usr/bin/cmake --install /home/radxa/turtlebot3_ws/build/turtlebot3_navigation2
[0.895s] -- Install configuration: ""
[0.896s] -- Execute custom install script
[0.901s] -- Up-to-date symlink: /home/radxa/turtlebot3_ws/install/turtlebot3_navigation2/share/turtlebot3_navigation2/launch/navigation2.launch.py
[0.901s] -- Up-to-date symlink: /home/radxa/turtlebot3_ws/install/turtlebot3_navigation2/share/turtlebot3_navigation2/map/map.pgm
[0.901s] -- Up-to-date symlink: /home/radxa/turtlebot3_ws/install/turtlebot3_navigation2/share/turtlebot3_navigation2/map/map.yaml
[0.903s] -- Up-to-date symlink: /home/radxa/turtlebot3_ws/install/turtlebot3_navigation2/share/turtlebot3_navigation2/param/burger.yaml
[0.906s] -- Up-to-date symlink: /home/radxa/turtlebot3_ws/install/turtlebot3_navigation2/share/turtlebot3_navigation2/param/burger_2.yaml
[0.906s] -- Up-to-date symlink: /home/radxa/turtlebot3_ws/install/turtlebot3_navigation2/share/turtlebot3_navigation2/param/burger_cam.yaml
[0.907s] -- Up-to-date symlink: /home/radxa/turtlebot3_ws/install/turtlebot3_navigation2/share/turtlebot3_navigation2/param/humble/burger.yaml
[0.907s] -- Up-to-date symlink: /home/radxa/turtlebot3_ws/install/turtlebot3_navigation2/share/turtlebot3_navigation2/param/humble/burger_cam.yaml
[0.907s] -- Up-to-date symlink: /home/radxa/turtlebot3_ws/install/turtlebot3_navigation2/share/turtlebot3_navigation2/param/humble/waffle.yaml
[0.909s] -- Up-to-date symlink: /home/radxa/turtlebot3_ws/install/turtlebot3_navigation2/share/turtlebot3_navigation2/param/humble/waffle_pi.yaml
[0.909s] -- Up-to-date symlink: /home/radxa/turtlebot3_ws/install/turtlebot3_navigation2/share/turtlebot3_navigation2/param/waffle.yaml
[0.911s] -- Up-to-date symlink: /home/radxa/turtlebot3_ws/install/turtlebot3_navigation2/share/turtlebot3_navigation2/param/waffle_pi.yaml
[0.913s] -- Up-to-date symlink: /home/radxa/turtlebot3_ws/install/turtlebot3_navigation2/share/turtlebot3_navigation2/rviz/tb3_navigation2.rviz
[0.917s] -- Up-to-date symlink: /home/radxa/turtlebot3_ws/install/turtlebot3_navigation2/share/ament_index/resource_index/package_run_dependencies/turtlebot3_navigation2
[0.917s] -- Up-to-date symlink: /home/radxa/turtlebot3_ws/install/turtlebot3_navigation2/share/ament_index/resource_index/parent_prefix_path/turtlebot3_navigation2
[0.917s] -- Up-to-date symlink: /home/radxa/turtlebot3_ws/install/turtlebot3_navigation2/share/turtlebot3_navigation2/environment/ament_prefix_path.sh
[0.917s] -- Up-to-date symlink: /home/radxa/turtlebot3_ws/install/turtlebot3_navigation2/share/turtlebot3_navigation2/environment/ament_prefix_path.dsv
[0.918s] -- Up-to-date symlink: /home/radxa/turtlebot3_ws/install/turtlebot3_navigation2/share/turtlebot3_navigation2/environment/path.sh
[0.922s] -- Up-to-date symlink: /home/radxa/turtlebot3_ws/install/turtlebot3_navigation2/share/turtlebot3_navigation2/environment/path.dsv
[0.922s] -- Up-to-date symlink: /home/radxa/turtlebot3_ws/install/turtlebot3_navigation2/share/turtlebot3_navigation2/local_setup.bash
[0.922s] -- Up-to-date symlink: /home/radxa/turtlebot3_ws/install/turtlebot3_navigation2/share/turtlebot3_navigation2/local_setup.sh
[0.922s] -- Up-to-date symlink: /home/radxa/turtlebot3_ws/install/turtlebot3_navigation2/share/turtlebot3_navigation2/local_setup.zsh
[0.922s] -- Up-to-date symlink: /home/radxa/turtlebot3_ws/install/turtlebot3_navigation2/share/turtlebot3_navigation2/local_setup.dsv
[0.923s] -- Symlinking: /home/radxa/turtlebot3_ws/install/turtlebot3_navigation2/share/turtlebot3_navigation2/package.dsv
[0.943s] -- Up-to-date symlink: /home/radxa/turtlebot3_ws/install/turtlebot3_navigation2/share/ament_index/resource_index/packages/turtlebot3_navigation2
[0.944s] -- Up-to-date symlink: /home/radxa/turtlebot3_ws/install/turtlebot3_navigation2/share/turtlebot3_navigation2/cmake/turtlebot3_navigation2Config.cmake
[0.945s] -- Up-to-date symlink: /home/radxa/turtlebot3_ws/install/turtlebot3_navigation2/share/turtlebot3_navigation2/cmake/turtlebot3_navigation2Config-version.cmake
[0.947s] -- Up-to-date symlink: /home/radxa/turtlebot3_ws/install/turtlebot3_navigation2/share/turtlebot3_navigation2/package.xml
[1.074s] Invoked command in '/home/radxa/turtlebot3_ws/build/turtlebot3_navigation2' returned '0': CMAKE_PREFIX_PATH=${CMAKE_PREFIX_PATH}:/home/radxa/turtlebot3_ws/install/turtlebot3_teleop:/home/radxa/turtlebot3_ws/install/turtlebot3_example:/home/radxa/turtlebot3_ws/install/robot_base_interface:/opt/ros/jazzy DEBUGINFOD_URLS=https://debuginfod.ubuntu.com /usr/bin/cmake --install /home/radxa/turtlebot3_ws/build/turtlebot3_navigation2
