[1.391s] Invoking command in '/home/radxa/turtlebot3_ws/build/rplidar_ros': CMAKE_PREFIX_PATH=${CMAKE_PREFIX_PATH}:/home/radxa/turtlebot3_ws/install/turtlebot3_teleop:/home/radxa/turtlebot3_ws/install/turtlebot3_example:/home/radxa/turtlebot3_ws/install/robot_base_interface:/opt/ros/jazzy DEBUGINFOD_URLS=https://debuginfod.ubuntu.com /usr/bin/cmake --build /home/radxa/turtlebot3_ws/build/rplidar_ros -- -j8 -l8
[1.940s] [  5%] Built target rplidar_client
[1.941s] [ 52%] Built target rplidar_node
[1.942s] [100%] Built target rplidar_composition
[2.058s] Invoked command in '/home/radxa/turtlebot3_ws/build/rplidar_ros' returned '0': CMAKE_PREFIX_PATH=${CMAKE_PREFIX_PATH}:/home/radxa/turtlebot3_ws/install/turtlebot3_teleop:/home/radxa/turtlebot3_ws/install/turtlebot3_example:/home/radxa/turtlebot3_ws/install/robot_base_interface:/opt/ros/jazzy DEBUGINFOD_URLS=https://debuginfod.ubuntu.com /usr/bin/cmake --build /home/radxa/turtlebot3_ws/build/rplidar_ros -- -j8 -l8
[2.061s] Invoking command in '/home/radxa/turtlebot3_ws/build/rplidar_ros': CMAKE_PREFIX_PATH=${CMAKE_PREFIX_PATH}:/home/radxa/turtlebot3_ws/install/turtlebot3_teleop:/home/radxa/turtlebot3_ws/install/turtlebot3_example:/home/radxa/turtlebot3_ws/install/robot_base_interface:/opt/ros/jazzy DEBUGINFOD_URLS=https://debuginfod.ubuntu.com /usr/bin/cmake --install /home/radxa/turtlebot3_ws/build/rplidar_ros
[2.228s] -- Install configuration: ""
[2.232s] -- Execute custom install script
[2.233s] -- Up-to-date symlink: /home/radxa/turtlebot3_ws/install/rplidar_ros/share/rplidar_ros/launch/rplidar_a1_launch.py
[2.235s] -- Up-to-date symlink: /home/radxa/turtlebot3_ws/install/rplidar_ros/share/rplidar_ros/launch/rplidar_a2m12_launch.py
[2.236s] -- Up-to-date symlink: /home/radxa/turtlebot3_ws/install/rplidar_ros/share/rplidar_ros/launch/rplidar_a2m7_launch.py
[2.237s] -- Up-to-date symlink: /home/radxa/turtlebot3_ws/install/rplidar_ros/share/rplidar_ros/launch/rplidar_a2m8_launch.py
[2.238s] -- Up-to-date symlink: /home/radxa/turtlebot3_ws/install/rplidar_ros/share/rplidar_ros/launch/rplidar_a3_launch.py
[2.240s] -- Up-to-date symlink: /home/radxa/turtlebot3_ws/install/rplidar_ros/share/rplidar_ros/launch/rplidar_c1_launch.py
[2.241s] -- Up-to-date symlink: /home/radxa/turtlebot3_ws/install/rplidar_ros/share/rplidar_ros/launch/rplidar_s1_launch.py
[2.242s] -- Up-to-date symlink: /home/radxa/turtlebot3_ws/install/rplidar_ros/share/rplidar_ros/launch/rplidar_s1_tcp_launch.py
[2.244s] -- Up-to-date symlink: /home/radxa/turtlebot3_ws/install/rplidar_ros/share/rplidar_ros/launch/rplidar_s2_launch.py
[2.245s] -- Up-to-date symlink: /home/radxa/turtlebot3_ws/install/rplidar_ros/share/rplidar_ros/launch/rplidar_s2e_launch.py
[2.246s] -- Up-to-date symlink: /home/radxa/turtlebot3_ws/install/rplidar_ros/share/rplidar_ros/launch/rplidar_s3_launch.py
[2.247s] -- Up-to-date symlink: /home/radxa/turtlebot3_ws/install/rplidar_ros/share/rplidar_ros/launch/rplidar_t1_launch.py
[2.249s] -- Up-to-date symlink: /home/radxa/turtlebot3_ws/install/rplidar_ros/share/rplidar_ros/launch/view_rplidar_a1_launch.py
[2.252s] -- Up-to-date symlink: /home/radxa/turtlebot3_ws/install/rplidar_ros/share/rplidar_ros/launch/view_rplidar_a2m12_launch.py
[2.253s] -- Up-to-date symlink: /home/radxa/turtlebot3_ws/install/rplidar_ros/share/rplidar_ros/launch/view_rplidar_a2m7_launch.py
[2.255s] -- Up-to-date symlink: /home/radxa/turtlebot3_ws/install/rplidar_ros/share/rplidar_ros/launch/view_rplidar_a2m8_launch.py
[2.257s] -- Up-to-date symlink: /home/radxa/turtlebot3_ws/install/rplidar_ros/share/rplidar_ros/launch/view_rplidar_a3_launch.py
[2.259s] -- Up-to-date symlink: /home/radxa/turtlebot3_ws/install/rplidar_ros/share/rplidar_ros/launch/view_rplidar_c1_launch.py
[2.261s] -- Up-to-date symlink: /home/radxa/turtlebot3_ws/install/rplidar_ros/share/rplidar_ros/launch/view_rplidar_s1_launch.py
[2.262s] -- Up-to-date symlink: /home/radxa/turtlebot3_ws/install/rplidar_ros/share/rplidar_ros/launch/view_rplidar_s1_tcp_launch.py
[2.264s] -- Up-to-date symlink: /home/radxa/turtlebot3_ws/install/rplidar_ros/share/rplidar_ros/launch/view_rplidar_s2_launch.py
[2.271s] -- Up-to-date symlink: /home/radxa/turtlebot3_ws/install/rplidar_ros/share/rplidar_ros/launch/view_rplidar_s2e_launch.py
[2.272s] -- Up-to-date symlink: /home/radxa/turtlebot3_ws/install/rplidar_ros/share/rplidar_ros/launch/view_rplidar_s3_launch.py
[2.274s] -- Up-to-date symlink: /home/radxa/turtlebot3_ws/install/rplidar_ros/share/rplidar_ros/launch/view_rplidar_t1_launch.py
[2.275s] -- Up-to-date symlink: /home/radxa/turtlebot3_ws/install/rplidar_ros/share/rplidar_ros/rviz/rplidar_ros.rviz
[2.278s] -- Up-to-date symlink: /home/radxa/turtlebot3_ws/install/rplidar_ros/lib/rplidar_ros/rplidar_node
[2.279s] -- Up-to-date symlink: /home/radxa/turtlebot3_ws/install/rplidar_ros/lib/rplidar_ros/rplidar_composition
[2.281s] -- Up-to-date symlink: /home/radxa/turtlebot3_ws/install/rplidar_ros/lib/rplidar_ros/rplidar_client
[2.283s] -- Up-to-date symlink: /home/radxa/turtlebot3_ws/install/rplidar_ros/share/ament_index/resource_index/package_run_dependencies/rplidar_ros
[2.285s] -- Up-to-date symlink: /home/radxa/turtlebot3_ws/install/rplidar_ros/share/ament_index/resource_index/parent_prefix_path/rplidar_ros
[2.288s] -- Up-to-date symlink: /home/radxa/turtlebot3_ws/install/rplidar_ros/share/rplidar_ros/environment/ament_prefix_path.sh
[2.289s] -- Up-to-date symlink: /home/radxa/turtlebot3_ws/install/rplidar_ros/share/rplidar_ros/environment/ament_prefix_path.dsv
[2.291s] -- Up-to-date symlink: /home/radxa/turtlebot3_ws/install/rplidar_ros/share/rplidar_ros/environment/path.sh
[2.294s] -- Up-to-date symlink: /home/radxa/turtlebot3_ws/install/rplidar_ros/share/rplidar_ros/environment/path.dsv
[2.296s] -- Up-to-date symlink: /home/radxa/turtlebot3_ws/install/rplidar_ros/share/rplidar_ros/local_setup.bash
[2.297s] -- Up-to-date symlink: /home/radxa/turtlebot3_ws/install/rplidar_ros/share/rplidar_ros/local_setup.sh
[2.299s] -- Up-to-date symlink: /home/radxa/turtlebot3_ws/install/rplidar_ros/share/rplidar_ros/local_setup.zsh
[2.300s] -- Up-to-date symlink: /home/radxa/turtlebot3_ws/install/rplidar_ros/share/rplidar_ros/local_setup.dsv
[2.301s] -- Symlinking: /home/radxa/turtlebot3_ws/install/rplidar_ros/share/rplidar_ros/package.dsv
[2.303s] -- Up-to-date symlink: /home/radxa/turtlebot3_ws/install/rplidar_ros/share/ament_index/resource_index/packages/rplidar_ros
[2.304s] -- Up-to-date symlink: /home/radxa/turtlebot3_ws/install/rplidar_ros/share/rplidar_ros/cmake/ament_cmake_export_dependencies-extras.cmake
[2.305s] -- Up-to-date symlink: /home/radxa/turtlebot3_ws/install/rplidar_ros/share/rplidar_ros/cmake/ament_cmake_export_include_directories-extras.cmake
[2.306s] -- Up-to-date symlink: /home/radxa/turtlebot3_ws/install/rplidar_ros/share/rplidar_ros/cmake/rplidar_rosConfig.cmake
[2.307s] -- Up-to-date symlink: /home/radxa/turtlebot3_ws/install/rplidar_ros/share/rplidar_ros/cmake/rplidar_rosConfig-version.cmake
[2.308s] -- Up-to-date symlink: /home/radxa/turtlebot3_ws/install/rplidar_ros/share/rplidar_ros/package.xml
[2.309s] Invoked command in '/home/radxa/turtlebot3_ws/build/rplidar_ros' returned '0': CMAKE_PREFIX_PATH=${CMAKE_PREFIX_PATH}:/home/radxa/turtlebot3_ws/install/turtlebot3_teleop:/home/radxa/turtlebot3_ws/install/turtlebot3_example:/home/radxa/turtlebot3_ws/install/robot_base_interface:/opt/ros/jazzy DEBUGINFOD_URLS=https://debuginfod.ubuntu.com /usr/bin/cmake --install /home/radxa/turtlebot3_ws/build/rplidar_ros
