[0.086s] Invoking command in '/home/radxa/turtlebot3_ws/build/turtlebot3_msgs': CMAKE_PREFIX_PATH=${CMAKE_PREFIX_PATH}:/home/radxa/turtlebot3_ws/install/turtlebot3_teleop:/home/radxa/turtlebot3_ws/install/turtlebot3_example:/home/radxa/turtlebot3_ws/install/robot_base_interface:/opt/ros/jazzy DEBUGINFOD_URLS=https://debuginfod.ubuntu.com /usr/bin/cmake --build /home/radxa/turtlebot3_ws/build/turtlebot3_msgs -- -j8 -l8
[0.872s] [  1%] Built target turtlebot3_msgs__rosidl_generator_type_description
[0.873s] [  2%] Built target turtlebot3_msgs__cpp
[0.874s] [  2%] Built target ament_cmake_python_symlink_turtlebot3_msgs
[0.875s] [ 26%] Built target turtlebot3_msgs__rosidl_generator_c
[0.876s] [ 36%] Built target turtlebot3_msgs__rosidl_typesupport_introspection_c
[0.877s] [ 45%] Built target turtlebot3_msgs__rosidl_typesupport_c
[0.878s] [ 55%] Built target turtlebot3_msgs__rosidl_typesupport_introspection_cpp
[0.878s] [ 65%] Built target turtlebot3_msgs__rosidl_typesupport_cpp
[0.879s] [ 74%] Built target turtlebot3_msgs__rosidl_typesupport_fastrtps_cpp
[0.879s] [ 84%] Built target turtlebot3_msgs__rosidl_typesupport_fastrtps_c
[0.880s] [ 84%] Built target turtlebot3_msgs
[0.920s] running egg_info
[0.931s] [ 85%] Built target turtlebot3_msgs__py
[0.952s] writing turtlebot3_msgs.egg-info/PKG-INFO
[0.952s] writing dependency_links to turtlebot3_msgs.egg-info/dependency_links.txt
[0.959s] writing top-level names to turtlebot3_msgs.egg-info/top_level.txt
[1.092s] [ 93%] Built target turtlebot3_msgs__rosidl_generator_py
[1.164s] [ 95%] Built target turtlebot3_msgs_s__rosidl_typesupport_fastrtps_c
[1.182s] [ 97%] Built target turtlebot3_msgs_s__rosidl_typesupport_c
[1.190s] [100%] Built target turtlebot3_msgs_s__rosidl_typesupport_introspection_c
[1.219s] reading manifest file 'turtlebot3_msgs.egg-info/SOURCES.txt'
[1.234s] writing manifest file 'turtlebot3_msgs.egg-info/SOURCES.txt'
[1.325s] [100%] Built target ament_cmake_python_build_turtlebot3_msgs_egg
[1.377s] Invoked command in '/home/radxa/turtlebot3_ws/build/turtlebot3_msgs' returned '0': CMAKE_PREFIX_PATH=${CMAKE_PREFIX_PATH}:/home/radxa/turtlebot3_ws/install/turtlebot3_teleop:/home/radxa/turtlebot3_ws/install/turtlebot3_example:/home/radxa/turtlebot3_ws/install/robot_base_interface:/opt/ros/jazzy DEBUGINFOD_URLS=https://debuginfod.ubuntu.com /usr/bin/cmake --build /home/radxa/turtlebot3_ws/build/turtlebot3_msgs -- -j8 -l8
[1.379s] Invoking command in '/home/radxa/turtlebot3_ws/build/turtlebot3_msgs': CMAKE_PREFIX_PATH=${CMAKE_PREFIX_PATH}:/home/radxa/turtlebot3_ws/install/turtlebot3_teleop:/home/radxa/turtlebot3_ws/install/turtlebot3_example:/home/radxa/turtlebot3_ws/install/robot_base_interface:/opt/ros/jazzy DEBUGINFOD_URLS=https://debuginfod.ubuntu.com /usr/bin/cmake --install /home/radxa/turtlebot3_ws/build/turtlebot3_msgs
[1.415s] -- Install configuration: ""
[1.417s] -- Execute custom install script
[1.418s] -- Up-to-date symlink: /home/radxa/turtlebot3_ws/install/turtlebot3_msgs/share/ament_index/resource_index/rosidl_interfaces/turtlebot3_msgs
[1.419s] -- Up-to-date symlink: /home/radxa/turtlebot3_ws/install/turtlebot3_msgs/share/turtlebot3_msgs/msg/SensorState.json
[1.419s] -- Up-to-date symlink: /home/radxa/turtlebot3_ws/install/turtlebot3_msgs/share/turtlebot3_msgs/msg/Sound.json
[1.420s] -- Up-to-date symlink: /home/radxa/turtlebot3_ws/install/turtlebot3_msgs/share/turtlebot3_msgs/msg/VersionInfo.json
[1.421s] -- Up-to-date symlink: /home/radxa/turtlebot3_ws/install/turtlebot3_msgs/share/turtlebot3_msgs/srv/Sound.json
[1.421s] -- Up-to-date symlink: /home/radxa/turtlebot3_ws/install/turtlebot3_msgs/share/turtlebot3_msgs/srv/Dqn.json
[1.422s] -- Up-to-date symlink: /home/radxa/turtlebot3_ws/install/turtlebot3_msgs/share/turtlebot3_msgs/srv/Goal.json
[1.423s] -- Up-to-date symlink: /home/radxa/turtlebot3_ws/install/turtlebot3_msgs/share/turtlebot3_msgs/action/Patrol.json
[1.423s] -- Up-to-date symlink: /home/radxa/turtlebot3_ws/install/turtlebot3_msgs/include/turtlebot3_msgs/turtlebot3_msgs/action/detail/patrol__functions.h
[1.424s] -- Up-to-date symlink: /home/radxa/turtlebot3_ws/install/turtlebot3_msgs/include/turtlebot3_msgs/turtlebot3_msgs/action/detail/patrol__struct.h
[1.425s] -- Up-to-date symlink: /home/radxa/turtlebot3_ws/install/turtlebot3_msgs/include/turtlebot3_msgs/turtlebot3_msgs/action/detail/patrol__type_support.h
[1.425s] -- Up-to-date symlink: /home/radxa/turtlebot3_ws/install/turtlebot3_msgs/include/turtlebot3_msgs/turtlebot3_msgs/action/patrol.h
[1.426s] -- Up-to-date symlink: /home/radxa/turtlebot3_ws/install/turtlebot3_msgs/include/turtlebot3_msgs/turtlebot3_msgs/msg/detail/sensor_state__functions.h
[1.426s] -- Up-to-date symlink: /home/radxa/turtlebot3_ws/install/turtlebot3_msgs/include/turtlebot3_msgs/turtlebot3_msgs/msg/detail/sensor_state__struct.h
[1.427s] -- Up-to-date symlink: /home/radxa/turtlebot3_ws/install/turtlebot3_msgs/include/turtlebot3_msgs/turtlebot3_msgs/msg/detail/sensor_state__type_support.h
[1.427s] -- Up-to-date symlink: /home/radxa/turtlebot3_ws/install/turtlebot3_msgs/include/turtlebot3_msgs/turtlebot3_msgs/msg/detail/sound__functions.h
[1.428s] -- Up-to-date symlink: /home/radxa/turtlebot3_ws/install/turtlebot3_msgs/include/turtlebot3_msgs/turtlebot3_msgs/msg/detail/sound__struct.h
[1.488s] -- Up-to-date symlink: /home/radxa/turtlebot3_ws/install/turtlebot3_msgs/include/turtlebot3_msgs/turtlebot3_msgs/msg/detail/sound__type_support.h
[1.490s] -- Up-to-date symlink: /home/radxa/turtlebot3_ws/install/turtlebot3_msgs/include/turtlebot3_msgs/turtlebot3_msgs/msg/detail/version_info__functions.h
[1.490s] -- Up-to-date symlink: /home/radxa/turtlebot3_ws/install/turtlebot3_msgs/include/turtlebot3_msgs/turtlebot3_msgs/msg/detail/version_info__struct.h
[1.491s] -- Up-to-date symlink: /home/radxa/turtlebot3_ws/install/turtlebot3_msgs/include/turtlebot3_msgs/turtlebot3_msgs/msg/detail/version_info__type_support.h
[1.491s] -- Up-to-date symlink: /home/radxa/turtlebot3_ws/install/turtlebot3_msgs/include/turtlebot3_msgs/turtlebot3_msgs/msg/rosidl_generator_c__visibility_control.h
[1.493s] -- Up-to-date symlink: /home/radxa/turtlebot3_ws/install/turtlebot3_msgs/include/turtlebot3_msgs/turtlebot3_msgs/msg/sensor_state.h
[1.494s] -- Up-to-date symlink: /home/radxa/turtlebot3_ws/install/turtlebot3_msgs/include/turtlebot3_msgs/turtlebot3_msgs/msg/sound.h
[1.496s] -- Up-to-date symlink: /home/radxa/turtlebot3_ws/install/turtlebot3_msgs/include/turtlebot3_msgs/turtlebot3_msgs/msg/version_info.h
[1.498s] -- Up-to-date symlink: /home/radxa/turtlebot3_ws/install/turtlebot3_msgs/include/turtlebot3_msgs/turtlebot3_msgs/srv/detail/dqn__functions.h
[1.499s] -- Up-to-date symlink: /home/radxa/turtlebot3_ws/install/turtlebot3_msgs/include/turtlebot3_msgs/turtlebot3_msgs/srv/detail/dqn__struct.h
[1.499s] -- Up-to-date symlink: /home/radxa/turtlebot3_ws/install/turtlebot3_msgs/include/turtlebot3_msgs/turtlebot3_msgs/srv/detail/dqn__type_support.h
[1.499s] -- Up-to-date symlink: /home/radxa/turtlebot3_ws/install/turtlebot3_msgs/include/turtlebot3_msgs/turtlebot3_msgs/srv/detail/goal__functions.h
[1.500s] -- Up-to-date symlink: /home/radxa/turtlebot3_ws/install/turtlebot3_msgs/include/turtlebot3_msgs/turtlebot3_msgs/srv/detail/goal__struct.h
[1.500s] -- Up-to-date symlink: /home/radxa/turtlebot3_ws/install/turtlebot3_msgs/include/turtlebot3_msgs/turtlebot3_msgs/srv/detail/goal__type_support.h
[1.501s] -- Up-to-date symlink: /home/radxa/turtlebot3_ws/install/turtlebot3_msgs/include/turtlebot3_msgs/turtlebot3_msgs/srv/detail/sound__functions.h
[1.501s] -- Up-to-date symlink: /home/radxa/turtlebot3_ws/install/turtlebot3_msgs/include/turtlebot3_msgs/turtlebot3_msgs/srv/detail/sound__struct.h
[1.501s] -- Up-to-date symlink: /home/radxa/turtlebot3_ws/install/turtlebot3_msgs/include/turtlebot3_msgs/turtlebot3_msgs/srv/detail/sound__type_support.h
[1.501s] -- Up-to-date symlink: /home/radxa/turtlebot3_ws/install/turtlebot3_msgs/include/turtlebot3_msgs/turtlebot3_msgs/srv/dqn.h
[1.502s] -- Up-to-date symlink: /home/radxa/turtlebot3_ws/install/turtlebot3_msgs/include/turtlebot3_msgs/turtlebot3_msgs/srv/goal.h
[1.502s] -- Up-to-date symlink: /home/radxa/turtlebot3_ws/install/turtlebot3_msgs/include/turtlebot3_msgs/turtlebot3_msgs/srv/sound.h
[1.502s] -- Up-to-date symlink: /home/radxa/turtlebot3_ws/install/turtlebot3_msgs/share/turtlebot3_msgs/environment/library_path.sh
[1.502s] -- Up-to-date symlink: /home/radxa/turtlebot3_ws/install/turtlebot3_msgs/share/turtlebot3_msgs/environment/library_path.dsv
[1.502s] -- Up-to-date symlink: /home/radxa/turtlebot3_ws/install/turtlebot3_msgs/include/turtlebot3_msgs/turtlebot3_msgs/action/detail/patrol__rosidl_typesupport_fastrtps_c.h
[1.502s] -- Up-to-date symlink: /home/radxa/turtlebot3_ws/install/turtlebot3_msgs/include/turtlebot3_msgs/turtlebot3_msgs/msg/detail/sensor_state__rosidl_typesupport_fastrtps_c.h
[1.503s] -- Up-to-date symlink: /home/radxa/turtlebot3_ws/install/turtlebot3_msgs/include/turtlebot3_msgs/turtlebot3_msgs/msg/detail/sound__rosidl_typesupport_fastrtps_c.h
[1.503s] -- Up-to-date symlink: /home/radxa/turtlebot3_ws/install/turtlebot3_msgs/include/turtlebot3_msgs/turtlebot3_msgs/msg/detail/version_info__rosidl_typesupport_fastrtps_c.h
[1.503s] -- Up-to-date symlink: /home/radxa/turtlebot3_ws/install/turtlebot3_msgs/include/turtlebot3_msgs/turtlebot3_msgs/msg/rosidl_typesupport_fastrtps_c__visibility_control.h
[1.503s] -- Up-to-date symlink: /home/radxa/turtlebot3_ws/install/turtlebot3_msgs/include/turtlebot3_msgs/turtlebot3_msgs/srv/detail/dqn__rosidl_typesupport_fastrtps_c.h
[1.503s] -- Up-to-date symlink: /home/radxa/turtlebot3_ws/install/turtlebot3_msgs/include/turtlebot3_msgs/turtlebot3_msgs/srv/detail/goal__rosidl_typesupport_fastrtps_c.h
[1.503s] -- Up-to-date symlink: /home/radxa/turtlebot3_ws/install/turtlebot3_msgs/include/turtlebot3_msgs/turtlebot3_msgs/srv/detail/sound__rosidl_typesupport_fastrtps_c.h
[1.503s] -- Up-to-date symlink: /home/radxa/turtlebot3_ws/install/turtlebot3_msgs/include/turtlebot3_msgs/turtlebot3_msgs/action/detail/patrol__builder.hpp
[1.504s] -- Up-to-date symlink: /home/radxa/turtlebot3_ws/install/turtlebot3_msgs/include/turtlebot3_msgs/turtlebot3_msgs/action/detail/patrol__struct.hpp
[1.504s] -- Up-to-date symlink: /home/radxa/turtlebot3_ws/install/turtlebot3_msgs/include/turtlebot3_msgs/turtlebot3_msgs/action/detail/patrol__traits.hpp
[1.504s] -- Up-to-date symlink: /home/radxa/turtlebot3_ws/install/turtlebot3_msgs/include/turtlebot3_msgs/turtlebot3_msgs/action/detail/patrol__type_support.hpp
[1.504s] -- Up-to-date symlink: /home/radxa/turtlebot3_ws/install/turtlebot3_msgs/include/turtlebot3_msgs/turtlebot3_msgs/action/patrol.hpp
[1.504s] -- Up-to-date symlink: /home/radxa/turtlebot3_ws/install/turtlebot3_msgs/include/turtlebot3_msgs/turtlebot3_msgs/msg/detail/sensor_state__builder.hpp
[1.504s] -- Up-to-date symlink: /home/radxa/turtlebot3_ws/install/turtlebot3_msgs/include/turtlebot3_msgs/turtlebot3_msgs/msg/detail/sensor_state__struct.hpp
[1.505s] -- Up-to-date symlink: /home/radxa/turtlebot3_ws/install/turtlebot3_msgs/include/turtlebot3_msgs/turtlebot3_msgs/msg/detail/sensor_state__traits.hpp
[1.505s] -- Up-to-date symlink: /home/radxa/turtlebot3_ws/install/turtlebot3_msgs/include/turtlebot3_msgs/turtlebot3_msgs/msg/detail/sensor_state__type_support.hpp
[1.505s] -- Up-to-date symlink: /home/radxa/turtlebot3_ws/install/turtlebot3_msgs/include/turtlebot3_msgs/turtlebot3_msgs/msg/detail/sound__builder.hpp
[1.506s] -- Up-to-date symlink: /home/radxa/turtlebot3_ws/install/turtlebot3_msgs/include/turtlebot3_msgs/turtlebot3_msgs/msg/detail/sound__struct.hpp
[1.506s] -- Up-to-date symlink: /home/radxa/turtlebot3_ws/install/turtlebot3_msgs/include/turtlebot3_msgs/turtlebot3_msgs/msg/detail/sound__traits.hpp
[1.506s] -- Up-to-date symlink: /home/radxa/turtlebot3_ws/install/turtlebot3_msgs/include/turtlebot3_msgs/turtlebot3_msgs/msg/detail/sound__type_support.hpp
[1.507s] -- Up-to-date symlink: /home/radxa/turtlebot3_ws/install/turtlebot3_msgs/include/turtlebot3_msgs/turtlebot3_msgs/msg/detail/version_info__builder.hpp
[1.507s] -- Up-to-date symlink: /home/radxa/turtlebot3_ws/install/turtlebot3_msgs/include/turtlebot3_msgs/turtlebot3_msgs/msg/detail/version_info__struct.hpp
[1.507s] -- Up-to-date symlink: /home/radxa/turtlebot3_ws/install/turtlebot3_msgs/include/turtlebot3_msgs/turtlebot3_msgs/msg/detail/version_info__traits.hpp
[1.507s] -- Up-to-date symlink: /home/radxa/turtlebot3_ws/install/turtlebot3_msgs/include/turtlebot3_msgs/turtlebot3_msgs/msg/detail/version_info__type_support.hpp
[1.507s] -- Up-to-date symlink: /home/radxa/turtlebot3_ws/install/turtlebot3_msgs/include/turtlebot3_msgs/turtlebot3_msgs/msg/rosidl_generator_cpp__visibility_control.hpp
[1.507s] -- Up-to-date symlink: /home/radxa/turtlebot3_ws/install/turtlebot3_msgs/include/turtlebot3_msgs/turtlebot3_msgs/msg/sensor_state.hpp
[1.508s] -- Up-to-date symlink: /home/radxa/turtlebot3_ws/install/turtlebot3_msgs/include/turtlebot3_msgs/turtlebot3_msgs/msg/sound.hpp
[1.508s] -- Up-to-date symlink: /home/radxa/turtlebot3_ws/install/turtlebot3_msgs/include/turtlebot3_msgs/turtlebot3_msgs/msg/version_info.hpp
[1.508s] -- Up-to-date symlink: /home/radxa/turtlebot3_ws/install/turtlebot3_msgs/include/turtlebot3_msgs/turtlebot3_msgs/srv/detail/dqn__builder.hpp
[1.508s] -- Up-to-date symlink: /home/radxa/turtlebot3_ws/install/turtlebot3_msgs/include/turtlebot3_msgs/turtlebot3_msgs/srv/detail/dqn__struct.hpp
[1.509s] -- Up-to-date symlink: /home/radxa/turtlebot3_ws/install/turtlebot3_msgs/include/turtlebot3_msgs/turtlebot3_msgs/srv/detail/dqn__traits.hpp
[1.509s] -- Up-to-date symlink: /home/radxa/turtlebot3_ws/install/turtlebot3_msgs/include/turtlebot3_msgs/turtlebot3_msgs/srv/detail/dqn__type_support.hpp
[1.509s] -- Up-to-date symlink: /home/radxa/turtlebot3_ws/install/turtlebot3_msgs/include/turtlebot3_msgs/turtlebot3_msgs/srv/detail/goal__builder.hpp
[1.509s] -- Up-to-date symlink: /home/radxa/turtlebot3_ws/install/turtlebot3_msgs/include/turtlebot3_msgs/turtlebot3_msgs/srv/detail/goal__struct.hpp
[1.509s] -- Up-to-date symlink: /home/radxa/turtlebot3_ws/install/turtlebot3_msgs/include/turtlebot3_msgs/turtlebot3_msgs/srv/detail/goal__traits.hpp
[1.509s] -- Up-to-date symlink: /home/radxa/turtlebot3_ws/install/turtlebot3_msgs/include/turtlebot3_msgs/turtlebot3_msgs/srv/detail/goal__type_support.hpp
[1.510s] -- Up-to-date symlink: /home/radxa/turtlebot3_ws/install/turtlebot3_msgs/include/turtlebot3_msgs/turtlebot3_msgs/srv/detail/sound__builder.hpp
[1.510s] -- Up-to-date symlink: /home/radxa/turtlebot3_ws/install/turtlebot3_msgs/include/turtlebot3_msgs/turtlebot3_msgs/srv/detail/sound__struct.hpp
[1.510s] -- Up-to-date symlink: /home/radxa/turtlebot3_ws/install/turtlebot3_msgs/include/turtlebot3_msgs/turtlebot3_msgs/srv/detail/sound__traits.hpp
[1.510s] -- Up-to-date symlink: /home/radxa/turtlebot3_ws/install/turtlebot3_msgs/include/turtlebot3_msgs/turtlebot3_msgs/srv/detail/sound__type_support.hpp
[1.510s] -- Up-to-date symlink: /home/radxa/turtlebot3_ws/install/turtlebot3_msgs/include/turtlebot3_msgs/turtlebot3_msgs/srv/dqn.hpp
[1.510s] -- Up-to-date symlink: /home/radxa/turtlebot3_ws/install/turtlebot3_msgs/include/turtlebot3_msgs/turtlebot3_msgs/srv/goal.hpp
[1.511s] -- Up-to-date symlink: /home/radxa/turtlebot3_ws/install/turtlebot3_msgs/include/turtlebot3_msgs/turtlebot3_msgs/srv/sound.hpp
[1.511s] -- Up-to-date symlink: /home/radxa/turtlebot3_ws/install/turtlebot3_msgs/include/turtlebot3_msgs/turtlebot3_msgs/action/detail/patrol__rosidl_typesupport_fastrtps_cpp.hpp
[1.511s] -- Up-to-date symlink: /home/radxa/turtlebot3_ws/install/turtlebot3_msgs/include/turtlebot3_msgs/turtlebot3_msgs/msg/detail/sensor_state__rosidl_typesupport_fastrtps_cpp.hpp
[1.511s] -- Up-to-date symlink: /home/radxa/turtlebot3_ws/install/turtlebot3_msgs/include/turtlebot3_msgs/turtlebot3_msgs/msg/detail/sound__rosidl_typesupport_fastrtps_cpp.hpp
[1.511s] -- Up-to-date symlink: /home/radxa/turtlebot3_ws/install/turtlebot3_msgs/include/turtlebot3_msgs/turtlebot3_msgs/msg/detail/version_info__rosidl_typesupport_fastrtps_cpp.hpp
[1.511s] -- Up-to-date symlink: /home/radxa/turtlebot3_ws/install/turtlebot3_msgs/include/turtlebot3_msgs/turtlebot3_msgs/msg/rosidl_typesupport_fastrtps_cpp__visibility_control.h
[1.511s] -- Up-to-date symlink: /home/radxa/turtlebot3_ws/install/turtlebot3_msgs/include/turtlebot3_msgs/turtlebot3_msgs/srv/detail/dqn__rosidl_typesupport_fastrtps_cpp.hpp
[1.512s] -- Up-to-date symlink: /home/radxa/turtlebot3_ws/install/turtlebot3_msgs/include/turtlebot3_msgs/turtlebot3_msgs/srv/detail/goal__rosidl_typesupport_fastrtps_cpp.hpp
[1.512s] -- Up-to-date symlink: /home/radxa/turtlebot3_ws/install/turtlebot3_msgs/include/turtlebot3_msgs/turtlebot3_msgs/srv/detail/sound__rosidl_typesupport_fastrtps_cpp.hpp
[1.512s] -- Up-to-date symlink: /home/radxa/turtlebot3_ws/install/turtlebot3_msgs/include/turtlebot3_msgs/turtlebot3_msgs/action/detail/patrol__rosidl_typesupport_introspection_c.h
[1.512s] -- Up-to-date symlink: /home/radxa/turtlebot3_ws/install/turtlebot3_msgs/include/turtlebot3_msgs/turtlebot3_msgs/msg/detail/sensor_state__rosidl_typesupport_introspection_c.h
[1.512s] -- Up-to-date symlink: /home/radxa/turtlebot3_ws/install/turtlebot3_msgs/include/turtlebot3_msgs/turtlebot3_msgs/msg/detail/sound__rosidl_typesupport_introspection_c.h
[1.512s] -- Up-to-date symlink: /home/radxa/turtlebot3_ws/install/turtlebot3_msgs/include/turtlebot3_msgs/turtlebot3_msgs/msg/detail/version_info__rosidl_typesupport_introspection_c.h
[1.512s] -- Up-to-date symlink: /home/radxa/turtlebot3_ws/install/turtlebot3_msgs/include/turtlebot3_msgs/turtlebot3_msgs/msg/rosidl_typesupport_introspection_c__visibility_control.h
[1.512s] -- Up-to-date symlink: /home/radxa/turtlebot3_ws/install/turtlebot3_msgs/include/turtlebot3_msgs/turtlebot3_msgs/srv/detail/dqn__rosidl_typesupport_introspection_c.h
[1.513s] -- Up-to-date symlink: /home/radxa/turtlebot3_ws/install/turtlebot3_msgs/include/turtlebot3_msgs/turtlebot3_msgs/srv/detail/goal__rosidl_typesupport_introspection_c.h
[1.513s] -- Up-to-date symlink: /home/radxa/turtlebot3_ws/install/turtlebot3_msgs/include/turtlebot3_msgs/turtlebot3_msgs/srv/detail/sound__rosidl_typesupport_introspection_c.h
[1.513s] -- Up-to-date symlink: /home/radxa/turtlebot3_ws/install/turtlebot3_msgs/include/turtlebot3_msgs/turtlebot3_msgs/action/detail/patrol__rosidl_typesupport_introspection_cpp.hpp
[1.513s] -- Up-to-date symlink: /home/radxa/turtlebot3_ws/install/turtlebot3_msgs/include/turtlebot3_msgs/turtlebot3_msgs/msg/detail/sensor_state__rosidl_typesupport_introspection_cpp.hpp
[1.513s] -- Up-to-date symlink: /home/radxa/turtlebot3_ws/install/turtlebot3_msgs/include/turtlebot3_msgs/turtlebot3_msgs/msg/detail/sound__rosidl_typesupport_introspection_cpp.hpp
[1.514s] -- Up-to-date symlink: /home/radxa/turtlebot3_ws/install/turtlebot3_msgs/include/turtlebot3_msgs/turtlebot3_msgs/msg/detail/version_info__rosidl_typesupport_introspection_cpp.hpp
[1.514s] -- Up-to-date symlink: /home/radxa/turtlebot3_ws/install/turtlebot3_msgs/include/turtlebot3_msgs/turtlebot3_msgs/srv/detail/dqn__rosidl_typesupport_introspection_cpp.hpp
[1.514s] -- Up-to-date symlink: /home/radxa/turtlebot3_ws/install/turtlebot3_msgs/include/turtlebot3_msgs/turtlebot3_msgs/srv/detail/goal__rosidl_typesupport_introspection_cpp.hpp
[1.514s] -- Up-to-date symlink: /home/radxa/turtlebot3_ws/install/turtlebot3_msgs/include/turtlebot3_msgs/turtlebot3_msgs/srv/detail/sound__rosidl_typesupport_introspection_cpp.hpp
[1.514s] -- Up-to-date symlink: /home/radxa/turtlebot3_ws/install/turtlebot3_msgs/share/turtlebot3_msgs/environment/pythonpath.sh
[1.514s] -- Up-to-date symlink: /home/radxa/turtlebot3_ws/install/turtlebot3_msgs/share/turtlebot3_msgs/environment/pythonpath.dsv
[1.514s] -- Up-to-date symlink: /home/radxa/turtlebot3_ws/install/turtlebot3_msgs/lib/python3.12/site-packages/turtlebot3_msgs-2.4.0-py3.12.egg-info/PKG-INFO
[1.514s] -- Up-to-date symlink: /home/radxa/turtlebot3_ws/install/turtlebot3_msgs/lib/python3.12/site-packages/turtlebot3_msgs-2.4.0-py3.12.egg-info/SOURCES.txt
[1.515s] -- Up-to-date symlink: /home/radxa/turtlebot3_ws/install/turtlebot3_msgs/lib/python3.12/site-packages/turtlebot3_msgs-2.4.0-py3.12.egg-info/dependency_links.txt
[1.515s] -- Up-to-date symlink: /home/radxa/turtlebot3_ws/install/turtlebot3_msgs/lib/python3.12/site-packages/turtlebot3_msgs-2.4.0-py3.12.egg-info/top_level.txt
[1.515s] -- Up-to-date symlink: /home/radxa/turtlebot3_ws/install/turtlebot3_msgs/lib/python3.12/site-packages/turtlebot3_msgs/__init__.py
[1.515s] -- Up-to-date symlink: /home/radxa/turtlebot3_ws/install/turtlebot3_msgs/lib/python3.12/site-packages/turtlebot3_msgs/_turtlebot3_msgs_s.ep.rosidl_typesupport_c.c
[1.515s] -- Up-to-date symlink: /home/radxa/turtlebot3_ws/install/turtlebot3_msgs/lib/python3.12/site-packages/turtlebot3_msgs/_turtlebot3_msgs_s.ep.rosidl_typesupport_fastrtps_c.c
[1.515s] -- Up-to-date symlink: /home/radxa/turtlebot3_ws/install/turtlebot3_msgs/lib/python3.12/site-packages/turtlebot3_msgs/_turtlebot3_msgs_s.ep.rosidl_typesupport_introspection_c.c
[1.516s] -- Up-to-date symlink: /home/radxa/turtlebot3_ws/install/turtlebot3_msgs/lib/python3.12/site-packages/turtlebot3_msgs/action/__init__.py
[1.516s] -- Up-to-date symlink: /home/radxa/turtlebot3_ws/install/turtlebot3_msgs/lib/python3.12/site-packages/turtlebot3_msgs/action/_patrol.py
[1.516s] -- Up-to-date symlink: /home/radxa/turtlebot3_ws/install/turtlebot3_msgs/lib/python3.12/site-packages/turtlebot3_msgs/action/_patrol_s.c
[1.516s] -- Up-to-date symlink: /home/radxa/turtlebot3_ws/install/turtlebot3_msgs/lib/python3.12/site-packages/turtlebot3_msgs/msg/__init__.py
[1.517s] -- Up-to-date symlink: /home/radxa/turtlebot3_ws/install/turtlebot3_msgs/lib/python3.12/site-packages/turtlebot3_msgs/msg/_sensor_state.py
[1.517s] -- Up-to-date symlink: /home/radxa/turtlebot3_ws/install/turtlebot3_msgs/lib/python3.12/site-packages/turtlebot3_msgs/msg/_sensor_state_s.c
[1.517s] -- Up-to-date symlink: /home/radxa/turtlebot3_ws/install/turtlebot3_msgs/lib/python3.12/site-packages/turtlebot3_msgs/msg/_sound.py
[1.517s] -- Up-to-date symlink: /home/radxa/turtlebot3_ws/install/turtlebot3_msgs/lib/python3.12/site-packages/turtlebot3_msgs/msg/_sound_s.c
[1.517s] -- Up-to-date symlink: /home/radxa/turtlebot3_ws/install/turtlebot3_msgs/lib/python3.12/site-packages/turtlebot3_msgs/msg/_version_info.py
[1.517s] -- Up-to-date symlink: /home/radxa/turtlebot3_ws/install/turtlebot3_msgs/lib/python3.12/site-packages/turtlebot3_msgs/msg/_version_info_s.c
[1.517s] -- Up-to-date symlink: /home/radxa/turtlebot3_ws/install/turtlebot3_msgs/lib/python3.12/site-packages/turtlebot3_msgs/srv/__init__.py
[1.518s] -- Up-to-date symlink: /home/radxa/turtlebot3_ws/install/turtlebot3_msgs/lib/python3.12/site-packages/turtlebot3_msgs/srv/_dqn.py
[1.518s] -- Up-to-date symlink: /home/radxa/turtlebot3_ws/install/turtlebot3_msgs/lib/python3.12/site-packages/turtlebot3_msgs/srv/_dqn_s.c
[1.518s] -- Up-to-date symlink: /home/radxa/turtlebot3_ws/install/turtlebot3_msgs/lib/python3.12/site-packages/turtlebot3_msgs/srv/_goal.py
[1.518s] -- Up-to-date symlink: /home/radxa/turtlebot3_ws/install/turtlebot3_msgs/lib/python3.12/site-packages/turtlebot3_msgs/srv/_goal_s.c
[1.518s] -- Up-to-date symlink: /home/radxa/turtlebot3_ws/install/turtlebot3_msgs/lib/python3.12/site-packages/turtlebot3_msgs/srv/_sound.py
[1.519s] -- Up-to-date symlink: /home/radxa/turtlebot3_ws/install/turtlebot3_msgs/lib/python3.12/site-packages/turtlebot3_msgs/srv/_sound_s.c
[1.519s] -- Up-to-date symlink: /home/radxa/turtlebot3_ws/install/turtlebot3_msgs/lib/python3.12/site-packages/turtlebot3_msgs/turtlebot3_msgs_s__rosidl_typesupport_c.so
[1.519s] -- Up-to-date symlink: /home/radxa/turtlebot3_ws/install/turtlebot3_msgs/lib/python3.12/site-packages/turtlebot3_msgs/turtlebot3_msgs_s__rosidl_typesupport_fastrtps_c.so
[1.519s] -- Up-to-date symlink: /home/radxa/turtlebot3_ws/install/turtlebot3_msgs/lib/python3.12/site-packages/turtlebot3_msgs/turtlebot3_msgs_s__rosidl_typesupport_introspection_c.so
[1.519s] -- Up-to-date symlink: /home/radxa/turtlebot3_ws/install/turtlebot3_msgs/lib/python3.12/site-packages/turtlebot3_msgs/turtlebot3_msgs_s__rosidl_typesupport_fastrtps_c.so
[1.519s] -- Up-to-date symlink: /home/radxa/turtlebot3_ws/install/turtlebot3_msgs/lib/python3.12/site-packages/turtlebot3_msgs/turtlebot3_msgs_s__rosidl_typesupport_introspection_c.so
[1.520s] -- Up-to-date symlink: /home/radxa/turtlebot3_ws/install/turtlebot3_msgs/lib/python3.12/site-packages/turtlebot3_msgs/turtlebot3_msgs_s__rosidl_typesupport_c.so
[1.520s] -- Up-to-date symlink: /home/radxa/turtlebot3_ws/install/turtlebot3_msgs/share/turtlebot3_msgs/msg/SensorState.idl
[1.520s] -- Up-to-date symlink: /home/radxa/turtlebot3_ws/install/turtlebot3_msgs/share/turtlebot3_msgs/msg/Sound.idl
[1.520s] -- Up-to-date symlink: /home/radxa/turtlebot3_ws/install/turtlebot3_msgs/share/turtlebot3_msgs/msg/VersionInfo.idl
[1.520s] -- Up-to-date symlink: /home/radxa/turtlebot3_ws/install/turtlebot3_msgs/share/turtlebot3_msgs/srv/Sound.idl
[1.520s] -- Up-to-date symlink: /home/radxa/turtlebot3_ws/install/turtlebot3_msgs/share/turtlebot3_msgs/srv/Dqn.idl
[1.520s] -- Up-to-date symlink: /home/radxa/turtlebot3_ws/install/turtlebot3_msgs/share/turtlebot3_msgs/srv/Goal.idl
[1.521s] -- Up-to-date symlink: /home/radxa/turtlebot3_ws/install/turtlebot3_msgs/share/turtlebot3_msgs/action/Patrol.idl
[1.521s] -- Up-to-date symlink: /home/radxa/turtlebot3_ws/install/turtlebot3_msgs/share/turtlebot3_msgs/msg/SensorState.msg
[1.521s] -- Up-to-date symlink: /home/radxa/turtlebot3_ws/install/turtlebot3_msgs/share/turtlebot3_msgs/msg/Sound.msg
[1.521s] -- Up-to-date symlink: /home/radxa/turtlebot3_ws/install/turtlebot3_msgs/share/turtlebot3_msgs/msg/VersionInfo.msg
[1.521s] -- Up-to-date symlink: /home/radxa/turtlebot3_ws/install/turtlebot3_msgs/share/turtlebot3_msgs/srv/Sound.srv
[1.522s] -- Up-to-date symlink: /home/radxa/turtlebot3_ws/install/turtlebot3_msgs/share/turtlebot3_msgs/srv/Dqn.srv
[1.522s] -- Up-to-date symlink: /home/radxa/turtlebot3_ws/install/turtlebot3_msgs/share/turtlebot3_msgs/srv/Goal.srv
[1.522s] -- Up-to-date symlink: /home/radxa/turtlebot3_ws/install/turtlebot3_msgs/share/turtlebot3_msgs/action/Patrol.action
[1.522s] -- Up-to-date symlink: /home/radxa/turtlebot3_ws/install/turtlebot3_msgs/share/ament_index/resource_index/package_run_dependencies/turtlebot3_msgs
[1.522s] -- Up-to-date symlink: /home/radxa/turtlebot3_ws/install/turtlebot3_msgs/share/ament_index/resource_index/parent_prefix_path/turtlebot3_msgs
[1.522s] -- Up-to-date symlink: /home/radxa/turtlebot3_ws/install/turtlebot3_msgs/share/turtlebot3_msgs/environment/ament_prefix_path.sh
[1.522s] -- Up-to-date symlink: /home/radxa/turtlebot3_ws/install/turtlebot3_msgs/share/turtlebot3_msgs/environment/ament_prefix_path.dsv
[1.523s] -- Up-to-date symlink: /home/radxa/turtlebot3_ws/install/turtlebot3_msgs/share/turtlebot3_msgs/environment/path.sh
[1.523s] -- Up-to-date symlink: /home/radxa/turtlebot3_ws/install/turtlebot3_msgs/share/turtlebot3_msgs/environment/path.dsv
[1.523s] -- Up-to-date symlink: /home/radxa/turtlebot3_ws/install/turtlebot3_msgs/share/turtlebot3_msgs/local_setup.bash
[1.523s] -- Up-to-date symlink: /home/radxa/turtlebot3_ws/install/turtlebot3_msgs/share/turtlebot3_msgs/local_setup.sh
[1.523s] -- Up-to-date symlink: /home/radxa/turtlebot3_ws/install/turtlebot3_msgs/share/turtlebot3_msgs/local_setup.zsh
[1.523s] -- Up-to-date symlink: /home/radxa/turtlebot3_ws/install/turtlebot3_msgs/share/turtlebot3_msgs/local_setup.dsv
[1.524s] -- Symlinking: /home/radxa/turtlebot3_ws/install/turtlebot3_msgs/share/turtlebot3_msgs/package.dsv
[1.524s] -- Up-to-date symlink: /home/radxa/turtlebot3_ws/install/turtlebot3_msgs/share/ament_index/resource_index/packages/turtlebot3_msgs
[1.524s] -- Up-to-date symlink: /home/radxa/turtlebot3_ws/install/turtlebot3_msgs/share/turtlebot3_msgs/cmake/rosidl_cmake-extras.cmake
[1.524s] -- Up-to-date symlink: /home/radxa/turtlebot3_ws/install/turtlebot3_msgs/share/turtlebot3_msgs/cmake/ament_cmake_export_dependencies-extras.cmake
[1.524s] -- Up-to-date symlink: /home/radxa/turtlebot3_ws/install/turtlebot3_msgs/share/turtlebot3_msgs/cmake/ament_cmake_export_include_directories-extras.cmake
[1.524s] -- Up-to-date symlink: /home/radxa/turtlebot3_ws/install/turtlebot3_msgs/share/turtlebot3_msgs/cmake/ament_cmake_export_libraries-extras.cmake
[1.525s] -- Up-to-date symlink: /home/radxa/turtlebot3_ws/install/turtlebot3_msgs/share/turtlebot3_msgs/cmake/ament_cmake_export_targets-extras.cmake
[1.527s] -- Up-to-date symlink: /home/radxa/turtlebot3_ws/install/turtlebot3_msgs/share/turtlebot3_msgs/cmake/rosidl_cmake_export_typesupport_targets-extras.cmake
[1.538s] -- Up-to-date symlink: /home/radxa/turtlebot3_ws/install/turtlebot3_msgs/share/turtlebot3_msgs/cmake/rosidl_cmake_export_typesupport_libraries-extras.cmake
[1.538s] -- Up-to-date symlink: /home/radxa/turtlebot3_ws/install/turtlebot3_msgs/share/turtlebot3_msgs/cmake/turtlebot3_msgsConfig.cmake
[1.540s] -- Up-to-date symlink: /home/radxa/turtlebot3_ws/install/turtlebot3_msgs/share/turtlebot3_msgs/cmake/turtlebot3_msgsConfig-version.cmake
[1.540s] -- Up-to-date symlink: /home/radxa/turtlebot3_ws/install/turtlebot3_msgs/share/turtlebot3_msgs/package.xml
[1.550s] -- Up-to-date: /home/radxa/turtlebot3_ws/install/turtlebot3_msgs/lib/libturtlebot3_msgs__rosidl_generator_c.so
[1.550s] -- Up-to-date: /home/radxa/turtlebot3_ws/install/turtlebot3_msgs/lib/libturtlebot3_msgs__rosidl_typesupport_fastrtps_c.so
[1.550s] -- Up-to-date: /home/radxa/turtlebot3_ws/install/turtlebot3_msgs/lib/libturtlebot3_msgs__rosidl_typesupport_fastrtps_cpp.so
[1.550s] -- Up-to-date: /home/radxa/turtlebot3_ws/install/turtlebot3_msgs/lib/libturtlebot3_msgs__rosidl_typesupport_introspection_c.so
[1.552s] -- Up-to-date: /home/radxa/turtlebot3_ws/install/turtlebot3_msgs/lib/libturtlebot3_msgs__rosidl_typesupport_c.so
[1.552s] -- Up-to-date: /home/radxa/turtlebot3_ws/install/turtlebot3_msgs/lib/libturtlebot3_msgs__rosidl_typesupport_introspection_cpp.so
[1.553s] -- Up-to-date: /home/radxa/turtlebot3_ws/install/turtlebot3_msgs/lib/libturtlebot3_msgs__rosidl_typesupport_cpp.so
[1.573s] Listing '/home/radxa/turtlebot3_ws/install/turtlebot3_msgs/lib/python3.12/site-packages/turtlebot3_msgs'...
[1.576s] Listing '/home/radxa/turtlebot3_ws/install/turtlebot3_msgs/lib/python3.12/site-packages/turtlebot3_msgs/action'...
[1.576s] Listing '/home/radxa/turtlebot3_ws/install/turtlebot3_msgs/lib/python3.12/site-packages/turtlebot3_msgs/msg'...
[1.576s] Listing '/home/radxa/turtlebot3_ws/install/turtlebot3_msgs/lib/python3.12/site-packages/turtlebot3_msgs/srv'...
[1.587s] -- Up-to-date: /home/radxa/turtlebot3_ws/install/turtlebot3_msgs/lib/libturtlebot3_msgs__rosidl_generator_py.so
[1.589s] -- Up-to-date: /home/radxa/turtlebot3_ws/install/turtlebot3_msgs/share/turtlebot3_msgs/cmake/export_turtlebot3_msgs__rosidl_generator_cExport.cmake
[1.590s] -- Up-to-date: /home/radxa/turtlebot3_ws/install/turtlebot3_msgs/share/turtlebot3_msgs/cmake/export_turtlebot3_msgs__rosidl_generator_cExport-noconfig.cmake
[1.590s] -- Up-to-date: /home/radxa/turtlebot3_ws/install/turtlebot3_msgs/share/turtlebot3_msgs/cmake/export_turtlebot3_msgs__rosidl_typesupport_fastrtps_cExport.cmake
[1.590s] -- Up-to-date: /home/radxa/turtlebot3_ws/install/turtlebot3_msgs/share/turtlebot3_msgs/cmake/export_turtlebot3_msgs__rosidl_typesupport_fastrtps_cExport-noconfig.cmake
[1.590s] -- Up-to-date: /home/radxa/turtlebot3_ws/install/turtlebot3_msgs/share/turtlebot3_msgs/cmake/export_turtlebot3_msgs__rosidl_generator_cppExport.cmake
[1.590s] -- Up-to-date: /home/radxa/turtlebot3_ws/install/turtlebot3_msgs/share/turtlebot3_msgs/cmake/export_turtlebot3_msgs__rosidl_typesupport_fastrtps_cppExport.cmake
[1.590s] -- Up-to-date: /home/radxa/turtlebot3_ws/install/turtlebot3_msgs/share/turtlebot3_msgs/cmake/export_turtlebot3_msgs__rosidl_typesupport_fastrtps_cppExport-noconfig.cmake
[1.591s] -- Up-to-date: /home/radxa/turtlebot3_ws/install/turtlebot3_msgs/share/turtlebot3_msgs/cmake/turtlebot3_msgs__rosidl_typesupport_introspection_cExport.cmake
[1.591s] -- Up-to-date: /home/radxa/turtlebot3_ws/install/turtlebot3_msgs/share/turtlebot3_msgs/cmake/turtlebot3_msgs__rosidl_typesupport_introspection_cExport-noconfig.cmake
[1.591s] -- Up-to-date: /home/radxa/turtlebot3_ws/install/turtlebot3_msgs/share/turtlebot3_msgs/cmake/turtlebot3_msgs__rosidl_typesupport_cExport.cmake
[1.592s] -- Up-to-date: /home/radxa/turtlebot3_ws/install/turtlebot3_msgs/share/turtlebot3_msgs/cmake/turtlebot3_msgs__rosidl_typesupport_cExport-noconfig.cmake
[1.592s] -- Up-to-date: /home/radxa/turtlebot3_ws/install/turtlebot3_msgs/share/turtlebot3_msgs/cmake/turtlebot3_msgs__rosidl_typesupport_introspection_cppExport.cmake
[1.592s] -- Up-to-date: /home/radxa/turtlebot3_ws/install/turtlebot3_msgs/share/turtlebot3_msgs/cmake/turtlebot3_msgs__rosidl_typesupport_introspection_cppExport-noconfig.cmake
[1.593s] -- Up-to-date: /home/radxa/turtlebot3_ws/install/turtlebot3_msgs/share/turtlebot3_msgs/cmake/turtlebot3_msgs__rosidl_typesupport_cppExport.cmake
[1.593s] -- Up-to-date: /home/radxa/turtlebot3_ws/install/turtlebot3_msgs/share/turtlebot3_msgs/cmake/turtlebot3_msgs__rosidl_typesupport_cppExport-noconfig.cmake
[1.594s] -- Up-to-date: /home/radxa/turtlebot3_ws/install/turtlebot3_msgs/share/turtlebot3_msgs/cmake/export_turtlebot3_msgs__rosidl_generator_pyExport.cmake
[1.594s] -- Up-to-date: /home/radxa/turtlebot3_ws/install/turtlebot3_msgs/share/turtlebot3_msgs/cmake/export_turtlebot3_msgs__rosidl_generator_pyExport-noconfig.cmake
[1.603s] Invoked command in '/home/radxa/turtlebot3_ws/build/turtlebot3_msgs' returned '0': CMAKE_PREFIX_PATH=${CMAKE_PREFIX_PATH}:/home/radxa/turtlebot3_ws/install/turtlebot3_teleop:/home/radxa/turtlebot3_ws/install/turtlebot3_example:/home/radxa/turtlebot3_ws/install/robot_base_interface:/opt/ros/jazzy DEBUGINFOD_URLS=https://debuginfod.ubuntu.com /usr/bin/cmake --install /home/radxa/turtlebot3_ws/build/turtlebot3_msgs
