[0.053s] Invoking command in '/home/radxa/turtlebot3_ws/build/turtlebot3_cartographer': CMAKE_PREFIX_PATH=${CMAKE_PREFIX_PATH}:/home/radxa/turtlebot3_ws/install/turtlebot3_teleop:/home/radxa/turtlebot3_ws/install/turtlebot3_example:/home/radxa/turtlebot3_ws/install/robot_base_interface:/opt/ros/jazzy DEBUGINFOD_URLS=https://debuginfod.ubuntu.com /usr/bin/cmake --build /home/radxa/turtlebot3_ws/build/turtlebot3_cartographer -- -j8 -l8
[1.402s] Invoked command in '/home/radxa/turtlebot3_ws/build/turtlebot3_cartographer' returned '0': CMAKE_PREFIX_PATH=${CMAKE_PREFIX_PATH}:/home/radxa/turtlebot3_ws/install/turtlebot3_teleop:/home/radxa/turtlebot3_ws/install/turtlebot3_example:/home/radxa/turtlebot3_ws/install/robot_base_interface:/opt/ros/jazzy DEBUGINFOD_URLS=https://debuginfod.ubuntu.com /usr/bin/cmake --build /home/radxa/turtlebot3_ws/build/turtlebot3_cartographer -- -j8 -l8
[1.410s] Invoking command in '/home/radxa/turtlebot3_ws/build/turtlebot3_cartographer': CMAKE_PREFIX_PATH=${CMAKE_PREFIX_PATH}:/home/radxa/turtlebot3_ws/install/turtlebot3_teleop:/home/radxa/turtlebot3_ws/install/turtlebot3_example:/home/radxa/turtlebot3_ws/install/robot_base_interface:/opt/ros/jazzy DEBUGINFOD_URLS=https://debuginfod.ubuntu.com /usr/bin/cmake --install /home/radxa/turtlebot3_ws/build/turtlebot3_cartographer
[1.445s] -- Install configuration: ""
[1.449s] -- Execute custom install script
[1.477s] -- Up-to-date symlink: /home/radxa/turtlebot3_ws/install/turtlebot3_cartographer/share/turtlebot3_cartographer/config/turtlebot3_lds_2d.lua
[1.479s] -- Up-to-date symlink: /home/radxa/turtlebot3_ws/install/turtlebot3_cartographer/share/turtlebot3_cartographer/launch/cartographer.launch.py
[1.480s] -- Up-to-date symlink: /home/radxa/turtlebot3_ws/install/turtlebot3_cartographer/share/turtlebot3_cartographer/launch/occupancy_grid.launch.py
[1.488s] -- Up-to-date symlink: /home/radxa/turtlebot3_ws/install/turtlebot3_cartographer/share/turtlebot3_cartographer/rviz/tb3_cartographer.rviz
[1.489s] -- Up-to-date symlink: /home/radxa/turtlebot3_ws/install/turtlebot3_cartographer/share/ament_index/resource_index/package_run_dependencies/turtlebot3_cartographer
[1.492s] -- Up-to-date symlink: /home/radxa/turtlebot3_ws/install/turtlebot3_cartographer/share/ament_index/resource_index/parent_prefix_path/turtlebot3_cartographer
[1.497s] -- Up-to-date symlink: /home/radxa/turtlebot3_ws/install/turtlebot3_cartographer/share/turtlebot3_cartographer/environment/ament_prefix_path.sh
[1.498s] -- Up-to-date symlink: /home/radxa/turtlebot3_ws/install/turtlebot3_cartographer/share/turtlebot3_cartographer/environment/ament_prefix_path.dsv
[1.500s] -- Up-to-date symlink: /home/radxa/turtlebot3_ws/install/turtlebot3_cartographer/share/turtlebot3_cartographer/environment/path.sh
[1.506s] -- Up-to-date symlink: /home/radxa/turtlebot3_ws/install/turtlebot3_cartographer/share/turtlebot3_cartographer/environment/path.dsv
[1.508s] -- Up-to-date symlink: /home/radxa/turtlebot3_ws/install/turtlebot3_cartographer/share/turtlebot3_cartographer/local_setup.bash
[1.514s] -- Up-to-date symlink: /home/radxa/turtlebot3_ws/install/turtlebot3_cartographer/share/turtlebot3_cartographer/local_setup.sh
[1.516s] -- Up-to-date symlink: /home/radxa/turtlebot3_ws/install/turtlebot3_cartographer/share/turtlebot3_cartographer/local_setup.zsh
[1.517s] -- Up-to-date symlink: /home/radxa/turtlebot3_ws/install/turtlebot3_cartographer/share/turtlebot3_cartographer/local_setup.dsv
[1.530s] -- Symlinking: /home/radxa/turtlebot3_ws/install/turtlebot3_cartographer/share/turtlebot3_cartographer/package.dsv
[1.547s] -- Up-to-date symlink: /home/radxa/turtlebot3_ws/install/turtlebot3_cartographer/share/ament_index/resource_index/packages/turtlebot3_cartographer
[1.548s] -- Up-to-date symlink: /home/radxa/turtlebot3_ws/install/turtlebot3_cartographer/share/turtlebot3_cartographer/cmake/turtlebot3_cartographerConfig.cmake
[1.549s] -- Up-to-date symlink: /home/radxa/turtlebot3_ws/install/turtlebot3_cartographer/share/turtlebot3_cartographer/cmake/turtlebot3_cartographerConfig-version.cmake
[1.550s] -- Up-to-date symlink: /home/radxa/turtlebot3_ws/install/turtlebot3_cartographer/share/turtlebot3_cartographer/package.xml
[1.557s] Invoked command in '/home/radxa/turtlebot3_ws/build/turtlebot3_cartographer' returned '0': CMAKE_PREFIX_PATH=${CMAKE_PREFIX_PATH}:/home/radxa/turtlebot3_ws/install/turtlebot3_teleop:/home/radxa/turtlebot3_ws/install/turtlebot3_example:/home/radxa/turtlebot3_ws/install/robot_base_interface:/opt/ros/jazzy DEBUGINFOD_URLS=https://debuginfod.ubuntu.com /usr/bin/cmake --install /home/radxa/turtlebot3_ws/build/turtlebot3_cartographer
