[0.905s] Invoking command in '/home/radxa/turtlebot3_ws/build/rplidar_ros': CMAKE_PREFIX_PATH=${CMAKE_PREFIX_PATH}:/home/radxa/turtlebot3_ws/install/turtlebot3_teleop:/home/radxa/turtlebot3_ws/install/turtlebot3_example:/home/radxa/turtlebot3_ws/install/robot_base_interface:/opt/ros/jazzy DEBUGINFOD_URLS=https://debuginfod.ubuntu.com /usr/bin/cmake --build /home/radxa/turtlebot3_ws/build/rplidar_ros -- -j8 -l8
[1.146s] [ 47%] Built target rplidar_node
[1.171s] [ 94%] Built target rplidar_composition
[1.189s] [100%] Built target rplidar_client
[1.211s] Invoked command in '/home/radxa/turtlebot3_ws/build/rplidar_ros' returned '0': CMAKE_PREFIX_PATH=${CMAKE_PREFIX_PATH}:/home/radxa/turtlebot3_ws/install/turtlebot3_teleop:/home/radxa/turtlebot3_ws/install/turtlebot3_example:/home/radxa/turtlebot3_ws/install/robot_base_interface:/opt/ros/jazzy DEBUGINFOD_URLS=https://debuginfod.ubuntu.com /usr/bin/cmake --build /home/radxa/turtlebot3_ws/build/rplidar_ros -- -j8 -l8
[1.217s] Invoking command in '/home/radxa/turtlebot3_ws/build/rplidar_ros': CMAKE_PREFIX_PATH=${CMAKE_PREFIX_PATH}:/home/radxa/turtlebot3_ws/install/turtlebot3_teleop:/home/radxa/turtlebot3_ws/install/turtlebot3_example:/home/radxa/turtlebot3_ws/install/robot_base_interface:/opt/ros/jazzy DEBUGINFOD_URLS=https://debuginfod.ubuntu.com /usr/bin/cmake --install /home/radxa/turtlebot3_ws/build/rplidar_ros
[1.249s] -- Install configuration: ""
[1.250s] -- Execute custom install script
[1.250s] -- Up-to-date symlink: /home/radxa/turtlebot3_ws/install/rplidar_ros/share/rplidar_ros/launch/rplidar_a1_launch.py
[1.251s] -- Up-to-date symlink: /home/radxa/turtlebot3_ws/install/rplidar_ros/share/rplidar_ros/launch/rplidar_a2m12_launch.py
[1.251s] -- Up-to-date symlink: /home/radxa/turtlebot3_ws/install/rplidar_ros/share/rplidar_ros/launch/rplidar_a2m7_launch.py
[1.252s] -- Up-to-date symlink: /home/radxa/turtlebot3_ws/install/rplidar_ros/share/rplidar_ros/launch/rplidar_a2m8_launch.py
[1.252s] -- Up-to-date symlink: /home/radxa/turtlebot3_ws/install/rplidar_ros/share/rplidar_ros/launch/rplidar_a3_launch.py
[1.253s] -- Up-to-date symlink: /home/radxa/turtlebot3_ws/install/rplidar_ros/share/rplidar_ros/launch/rplidar_c1_launch.py
[1.253s] -- Up-to-date symlink: /home/radxa/turtlebot3_ws/install/rplidar_ros/share/rplidar_ros/launch/rplidar_s1_launch.py
[1.254s] -- Up-to-date symlink: /home/radxa/turtlebot3_ws/install/rplidar_ros/share/rplidar_ros/launch/rplidar_s1_tcp_launch.py
[1.254s] -- Up-to-date symlink: /home/radxa/turtlebot3_ws/install/rplidar_ros/share/rplidar_ros/launch/rplidar_s2_launch.py
[1.254s] -- Up-to-date symlink: /home/radxa/turtlebot3_ws/install/rplidar_ros/share/rplidar_ros/launch/rplidar_s2e_launch.py
[1.254s] -- Up-to-date symlink: /home/radxa/turtlebot3_ws/install/rplidar_ros/share/rplidar_ros/launch/rplidar_s3_launch.py
[1.255s] -- Up-to-date symlink: /home/radxa/turtlebot3_ws/install/rplidar_ros/share/rplidar_ros/launch/rplidar_t1_launch.py
[1.255s] -- Up-to-date symlink: /home/radxa/turtlebot3_ws/install/rplidar_ros/share/rplidar_ros/launch/view_rplidar_a1_launch.py
[1.255s] -- Up-to-date symlink: /home/radxa/turtlebot3_ws/install/rplidar_ros/share/rplidar_ros/launch/view_rplidar_a2m12_launch.py
[1.255s] -- Up-to-date symlink: /home/radxa/turtlebot3_ws/install/rplidar_ros/share/rplidar_ros/launch/view_rplidar_a2m7_launch.py
[1.255s] -- Up-to-date symlink: /home/radxa/turtlebot3_ws/install/rplidar_ros/share/rplidar_ros/launch/view_rplidar_a2m8_launch.py
[1.255s] -- Up-to-date symlink: /home/radxa/turtlebot3_ws/install/rplidar_ros/share/rplidar_ros/launch/view_rplidar_a3_launch.py
[1.255s] -- Up-to-date symlink: /home/radxa/turtlebot3_ws/install/rplidar_ros/share/rplidar_ros/launch/view_rplidar_c1_launch.py
[1.255s] -- Up-to-date symlink: /home/radxa/turtlebot3_ws/install/rplidar_ros/share/rplidar_ros/launch/view_rplidar_s1_launch.py
[1.256s] -- Up-to-date symlink: /home/radxa/turtlebot3_ws/install/rplidar_ros/share/rplidar_ros/launch/view_rplidar_s1_tcp_launch.py
[1.256s] -- Up-to-date symlink: /home/radxa/turtlebot3_ws/install/rplidar_ros/share/rplidar_ros/launch/view_rplidar_s2_launch.py
[1.256s] -- Up-to-date symlink: /home/radxa/turtlebot3_ws/install/rplidar_ros/share/rplidar_ros/launch/view_rplidar_s2e_launch.py
[1.256s] -- Up-to-date symlink: /home/radxa/turtlebot3_ws/install/rplidar_ros/share/rplidar_ros/launch/view_rplidar_s3_launch.py
[1.256s] -- Up-to-date symlink: /home/radxa/turtlebot3_ws/install/rplidar_ros/share/rplidar_ros/launch/view_rplidar_t1_launch.py
[1.257s] -- Up-to-date symlink: /home/radxa/turtlebot3_ws/install/rplidar_ros/share/rplidar_ros/rviz/rplidar_ros.rviz
[1.257s] -- Up-to-date symlink: /home/radxa/turtlebot3_ws/install/rplidar_ros/lib/rplidar_ros/rplidar_node
[1.258s] -- Up-to-date symlink: /home/radxa/turtlebot3_ws/install/rplidar_ros/lib/rplidar_ros/rplidar_composition
[1.259s] -- Up-to-date symlink: /home/radxa/turtlebot3_ws/install/rplidar_ros/lib/rplidar_ros/rplidar_client
[1.260s] -- Up-to-date symlink: /home/radxa/turtlebot3_ws/install/rplidar_ros/share/ament_index/resource_index/package_run_dependencies/rplidar_ros
[1.260s] -- Up-to-date symlink: /home/radxa/turtlebot3_ws/install/rplidar_ros/share/ament_index/resource_index/parent_prefix_path/rplidar_ros
[1.261s] -- Up-to-date symlink: /home/radxa/turtlebot3_ws/install/rplidar_ros/share/rplidar_ros/environment/ament_prefix_path.sh
[1.262s] -- Up-to-date symlink: /home/radxa/turtlebot3_ws/install/rplidar_ros/share/rplidar_ros/environment/ament_prefix_path.dsv
[1.263s] -- Up-to-date symlink: /home/radxa/turtlebot3_ws/install/rplidar_ros/share/rplidar_ros/environment/path.sh
[1.264s] -- Up-to-date symlink: /home/radxa/turtlebot3_ws/install/rplidar_ros/share/rplidar_ros/environment/path.dsv
[1.265s] -- Up-to-date symlink: /home/radxa/turtlebot3_ws/install/rplidar_ros/share/rplidar_ros/local_setup.bash
[1.266s] -- Up-to-date symlink: /home/radxa/turtlebot3_ws/install/rplidar_ros/share/rplidar_ros/local_setup.sh
[1.266s] -- Up-to-date symlink: /home/radxa/turtlebot3_ws/install/rplidar_ros/share/rplidar_ros/local_setup.zsh
[1.266s] -- Up-to-date symlink: /home/radxa/turtlebot3_ws/install/rplidar_ros/share/rplidar_ros/local_setup.dsv
[1.267s] -- Symlinking: /home/radxa/turtlebot3_ws/install/rplidar_ros/share/rplidar_ros/package.dsv
[1.301s] -- Up-to-date symlink: /home/radxa/turtlebot3_ws/install/rplidar_ros/share/ament_index/resource_index/packages/rplidar_ros
[1.301s] -- Up-to-date symlink: /home/radxa/turtlebot3_ws/install/rplidar_ros/share/rplidar_ros/cmake/ament_cmake_export_dependencies-extras.cmake
[1.301s] -- Up-to-date symlink: /home/radxa/turtlebot3_ws/install/rplidar_ros/share/rplidar_ros/cmake/ament_cmake_export_include_directories-extras.cmake
[1.301s] -- Up-to-date symlink: /home/radxa/turtlebot3_ws/install/rplidar_ros/share/rplidar_ros/cmake/rplidar_rosConfig.cmake
[1.303s] -- Up-to-date symlink: /home/radxa/turtlebot3_ws/install/rplidar_ros/share/rplidar_ros/cmake/rplidar_rosConfig-version.cmake
[1.303s] -- Up-to-date symlink: /home/radxa/turtlebot3_ws/install/rplidar_ros/share/rplidar_ros/package.xml
[1.355s] Invoked command in '/home/radxa/turtlebot3_ws/build/rplidar_ros' returned '0': CMAKE_PREFIX_PATH=${CMAKE_PREFIX_PATH}:/home/radxa/turtlebot3_ws/install/turtlebot3_teleop:/home/radxa/turtlebot3_ws/install/turtlebot3_example:/home/radxa/turtlebot3_ws/install/robot_base_interface:/opt/ros/jazzy DEBUGINFOD_URLS=https://debuginfod.ubuntu.com /usr/bin/cmake --install /home/radxa/turtlebot3_ws/build/rplidar_ros
