[1.579s] Invoking command in '/home/radxa/turtlebot3_ws/build/turtlebot3_example': CMAKE_PREFIX_PATH=/home/radxa/turtlebot3_ws/install/turtlebot3_msgs:/home/radxa/turtlebot3_ws/install/turtlebot3:/home/radxa/turtlebot3_ws/install/turtlebot3_bringup:/home/radxa/turtlebot3_ws/install/turtlebot3_node:/home/radxa/turtlebot3_ws/install/turtlebot3_navigation2:/home/radxa/turtlebot3_ws/install/turtlebot3_description:/home/radxa/turtlebot3_ws/install/turtlebot3_cartographer:/home/radxa/turtlebot3_ws/install/rplidar_ros:/opt/ros/jazzy/opt/gz_sim_vendor:/opt/ros/jazzy/opt/gz_sensors_vendor:/opt/ros/jazzy/opt/gz_physics_vendor:/opt/ros/jazzy/opt/sdformat_vendor:/opt/ros/jazzy/opt/gz_gui_vendor:/opt/ros/jazzy/opt/gz_transport_vendor:/opt/ros/jazzy/opt/gz_rendering_vendor:/opt/ros/jazzy/opt/gz_plugin_vendor:/opt/ros/jazzy/opt/gz_fuel_tools_vendor:/opt/ros/jazzy/opt/gz_msgs_vendor:/opt/ros/jazzy/opt/gz_common_vendor:/opt/ros/jazzy/opt/gz_math_vendor:/opt/ros/jazzy/opt/gz_utils_vendor:/opt/ros/jazzy/opt/gz_tools_vendor:/opt/ros/jazzy/opt/gz_ogre_next_vendor:/opt/ros/jazzy/opt/gz_dartsim_vendor:/opt/ros/jazzy/opt/gz_cmake_vendor DEBUGINFOD_URLS=https://debuginfod.ubuntu.com PYTHONPATH=/home/radxa/turtlebot3_ws/build/turtlebot3_example/prefix_override:/usr/lib/python3/dist-packages/colcon_core/task/python/colcon_distutils_commands:/home/radxa/turtlebot3_ws/install/turtlebot3_example/lib/python3.12/site-packages:/home/radxa/turtlebot3_ws/install/turtlebot3_msgs/lib/python3.12/site-packages:/home/radxa/turtlebot3_ws/build/turtlebot3_teleop:/home/radxa/turtlebot3_ws/install/turtlebot3_teleop/lib/python3.12/site-packages:/home/radxa/turtlebot3_ws/build/turtlebot3_example:/home/radxa/turtlebot3_ws/install/turtlebot3_example/lib/python3.12/site-packages:/home/radxa/turtlebot3_ws/build/robot_base_interface:/home/radxa/turtlebot3_ws/install/robot_base_interface/lib/python3.12/site-packages:/opt/ros/jazzy/lib/python3.12/site-packages /usr/bin/python3 -W ignore:setup.py install is deprecated -W ignore:easy_install command is deprecated setup.py develop --editable --build-directory /home/radxa/turtlebot3_ws/build/turtlebot3_example/build --no-deps symlink_data
[2.110s] running develop
[2.399s] running egg_info
[2.427s] writing turtlebot3_example.egg-info/PKG-INFO
[2.427s] writing dependency_links to turtlebot3_example.egg-info/dependency_links.txt
[2.429s] writing entry points to turtlebot3_example.egg-info/entry_points.txt
[2.430s] writing requirements to turtlebot3_example.egg-info/requires.txt
[2.432s] writing top-level names to turtlebot3_example.egg-info/top_level.txt
[2.492s] reading manifest file 'turtlebot3_example.egg-info/SOURCES.txt'
[2.493s] writing manifest file 'turtlebot3_example.egg-info/SOURCES.txt'
[2.523s] running build_ext
[2.524s] Creating /home/radxa/turtlebot3_ws/install/turtlebot3_example/lib/python3.12/site-packages/turtlebot3-example.egg-link (link to .)
[2.525s] Installing turtlebot3_absolute_move script to /home/radxa/turtlebot3_ws/install/turtlebot3_example/lib/turtlebot3_example
[2.525s] Installing turtlebot3_interactive_marker script to /home/radxa/turtlebot3_ws/install/turtlebot3_example/lib/turtlebot3_example
[2.526s] Installing turtlebot3_obstacle_detection script to /home/radxa/turtlebot3_ws/install/turtlebot3_example/lib/turtlebot3_example
[2.526s] Installing turtlebot3_patrol_client script to /home/radxa/turtlebot3_ws/install/turtlebot3_example/lib/turtlebot3_example
[2.526s] Installing turtlebot3_patrol_server script to /home/radxa/turtlebot3_ws/install/turtlebot3_example/lib/turtlebot3_example
[2.526s] Installing turtlebot3_relative_move script to /home/radxa/turtlebot3_ws/install/turtlebot3_example/lib/turtlebot3_example
[2.526s] 
[2.526s] Installed /home/radxa/turtlebot3_ws/build/turtlebot3_example
[2.526s] running symlink_data
[2.598s] Invoked command in '/home/radxa/turtlebot3_ws/build/turtlebot3_example' returned '0': CMAKE_PREFIX_PATH=/home/radxa/turtlebot3_ws/install/turtlebot3_msgs:/home/radxa/turtlebot3_ws/install/turtlebot3:/home/radxa/turtlebot3_ws/install/turtlebot3_bringup:/home/radxa/turtlebot3_ws/install/turtlebot3_node:/home/radxa/turtlebot3_ws/install/turtlebot3_navigation2:/home/radxa/turtlebot3_ws/install/turtlebot3_description:/home/radxa/turtlebot3_ws/install/turtlebot3_cartographer:/home/radxa/turtlebot3_ws/install/rplidar_ros:/opt/ros/jazzy/opt/gz_sim_vendor:/opt/ros/jazzy/opt/gz_sensors_vendor:/opt/ros/jazzy/opt/gz_physics_vendor:/opt/ros/jazzy/opt/sdformat_vendor:/opt/ros/jazzy/opt/gz_gui_vendor:/opt/ros/jazzy/opt/gz_transport_vendor:/opt/ros/jazzy/opt/gz_rendering_vendor:/opt/ros/jazzy/opt/gz_plugin_vendor:/opt/ros/jazzy/opt/gz_fuel_tools_vendor:/opt/ros/jazzy/opt/gz_msgs_vendor:/opt/ros/jazzy/opt/gz_common_vendor:/opt/ros/jazzy/opt/gz_math_vendor:/opt/ros/jazzy/opt/gz_utils_vendor:/opt/ros/jazzy/opt/gz_tools_vendor:/opt/ros/jazzy/opt/gz_ogre_next_vendor:/opt/ros/jazzy/opt/gz_dartsim_vendor:/opt/ros/jazzy/opt/gz_cmake_vendor DEBUGINFOD_URLS=https://debuginfod.ubuntu.com PYTHONPATH=/home/radxa/turtlebot3_ws/build/turtlebot3_example/prefix_override:/usr/lib/python3/dist-packages/colcon_core/task/python/colcon_distutils_commands:/home/radxa/turtlebot3_ws/install/turtlebot3_example/lib/python3.12/site-packages:/home/radxa/turtlebot3_ws/install/turtlebot3_msgs/lib/python3.12/site-packages:/home/radxa/turtlebot3_ws/build/turtlebot3_teleop:/home/radxa/turtlebot3_ws/install/turtlebot3_teleop/lib/python3.12/site-packages:/home/radxa/turtlebot3_ws/build/turtlebot3_example:/home/radxa/turtlebot3_ws/install/turtlebot3_example/lib/python3.12/site-packages:/home/radxa/turtlebot3_ws/build/robot_base_interface:/home/radxa/turtlebot3_ws/install/robot_base_interface/lib/python3.12/site-packages:/opt/ros/jazzy/lib/python3.12/site-packages /usr/bin/python3 -W ignore:setup.py install is deprecated -W ignore:easy_install command is deprecated setup.py develop --editable --build-directory /home/radxa/turtlebot3_ws/build/turtlebot3_example/build --no-deps symlink_data
