[0.063s] Invoking command in '/home/radxa/turtlebot3_ws/build/turtlebot3_description': CMAKE_PREFIX_PATH=${CMAKE_PREFIX_PATH}:/home/radxa/turtlebot3_ws/install/turtlebot3_teleop:/home/radxa/turtlebot3_ws/install/turtlebot3_example:/home/radxa/turtlebot3_ws/install/robot_base_interface:/opt/ros/jazzy DEBUGINFOD_URLS=https://debuginfod.ubuntu.com /usr/bin/cmake --build /home/radxa/turtlebot3_ws/build/turtlebot3_description -- -j8 -l8
[0.976s] Invoked command in '/home/radxa/turtlebot3_ws/build/turtlebot3_description' returned '0': CMAKE_PREFIX_PATH=${CMAKE_PREFIX_PATH}:/home/radxa/turtlebot3_ws/install/turtlebot3_teleop:/home/radxa/turtlebot3_ws/install/turtlebot3_example:/home/radxa/turtlebot3_ws/install/robot_base_interface:/opt/ros/jazzy DEBUGINFOD_URLS=https://debuginfod.ubuntu.com /usr/bin/cmake --build /home/radxa/turtlebot3_ws/build/turtlebot3_description -- -j8 -l8
[0.980s] Invoking command in '/home/radxa/turtlebot3_ws/build/turtlebot3_description': CMAKE_PREFIX_PATH=${CMAKE_PREFIX_PATH}:/home/radxa/turtlebot3_ws/install/turtlebot3_teleop:/home/radxa/turtlebot3_ws/install/turtlebot3_example:/home/radxa/turtlebot3_ws/install/robot_base_interface:/opt/ros/jazzy DEBUGINFOD_URLS=https://debuginfod.ubuntu.com /usr/bin/cmake --install /home/radxa/turtlebot3_ws/build/turtlebot3_description
[1.014s] -- Install configuration: ""
[1.022s] -- Execute custom install script
[1.023s] -- Up-to-date symlink: /home/radxa/turtlebot3_ws/install/turtlebot3_description/share/turtlebot3_description/meshes/bases/burger_base.stl
[1.024s] -- Up-to-date symlink: /home/radxa/turtlebot3_ws/install/turtlebot3_description/share/turtlebot3_description/meshes/bases/waffle_base.stl
[1.024s] -- Up-to-date symlink: /home/radxa/turtlebot3_ws/install/turtlebot3_description/share/turtlebot3_description/meshes/bases/waffle_pi_base.stl
[1.025s] -- Up-to-date symlink: /home/radxa/turtlebot3_ws/install/turtlebot3_description/share/turtlebot3_description/meshes/sensors/astra.dae
[1.025s] -- Up-to-date symlink: /home/radxa/turtlebot3_ws/install/turtlebot3_description/share/turtlebot3_description/meshes/sensors/astra.jpg
[1.025s] -- Up-to-date symlink: /home/radxa/turtlebot3_ws/install/turtlebot3_description/share/turtlebot3_description/meshes/sensors/lds.stl
[1.028s] -- Up-to-date symlink: /home/radxa/turtlebot3_ws/install/turtlebot3_description/share/turtlebot3_description/meshes/sensors/r200.dae
[1.029s] -- Up-to-date symlink: /home/radxa/turtlebot3_ws/install/turtlebot3_description/share/turtlebot3_description/meshes/sensors/r200.jpg
[1.034s] -- Up-to-date symlink: /home/radxa/turtlebot3_ws/install/turtlebot3_description/share/turtlebot3_description/meshes/wheels/left_tire.stl
[1.036s] -- Up-to-date symlink: /home/radxa/turtlebot3_ws/install/turtlebot3_description/share/turtlebot3_description/meshes/wheels/right_tire.stl
[1.039s] -- Up-to-date symlink: /home/radxa/turtlebot3_ws/install/turtlebot3_description/share/turtlebot3_description/rviz/model.rviz
[1.039s] -- Up-to-date symlink: /home/radxa/turtlebot3_ws/install/turtlebot3_description/share/turtlebot3_description/urdf/common_properties.urdf
[1.040s] -- Up-to-date symlink: /home/radxa/turtlebot3_ws/install/turtlebot3_description/share/turtlebot3_description/urdf/turtlebot3_burger.urdf
[1.040s] -- Up-to-date symlink: /home/radxa/turtlebot3_ws/install/turtlebot3_description/share/turtlebot3_description/urdf/turtlebot3_waffle.urdf
[1.040s] -- Up-to-date symlink: /home/radxa/turtlebot3_ws/install/turtlebot3_description/share/turtlebot3_description/urdf/turtlebot3_waffle_pi.urdf
[1.041s] -- Up-to-date symlink: /home/radxa/turtlebot3_ws/install/turtlebot3_description/share/ament_index/resource_index/package_run_dependencies/turtlebot3_description
[1.044s] -- Up-to-date symlink: /home/radxa/turtlebot3_ws/install/turtlebot3_description/share/ament_index/resource_index/parent_prefix_path/turtlebot3_description
[1.044s] -- Up-to-date symlink: /home/radxa/turtlebot3_ws/install/turtlebot3_description/share/turtlebot3_description/environment/ament_prefix_path.sh
[1.044s] -- Up-to-date symlink: /home/radxa/turtlebot3_ws/install/turtlebot3_description/share/turtlebot3_description/environment/ament_prefix_path.dsv
[1.048s] -- Up-to-date symlink: /home/radxa/turtlebot3_ws/install/turtlebot3_description/share/turtlebot3_description/environment/path.sh
[1.049s] -- Up-to-date symlink: /home/radxa/turtlebot3_ws/install/turtlebot3_description/share/turtlebot3_description/environment/path.dsv
[1.049s] -- Up-to-date symlink: /home/radxa/turtlebot3_ws/install/turtlebot3_description/share/turtlebot3_description/local_setup.bash
[1.049s] -- Up-to-date symlink: /home/radxa/turtlebot3_ws/install/turtlebot3_description/share/turtlebot3_description/local_setup.sh
[1.049s] -- Up-to-date symlink: /home/radxa/turtlebot3_ws/install/turtlebot3_description/share/turtlebot3_description/local_setup.zsh
[1.049s] -- Up-to-date symlink: /home/radxa/turtlebot3_ws/install/turtlebot3_description/share/turtlebot3_description/local_setup.dsv
[1.049s] -- Symlinking: /home/radxa/turtlebot3_ws/install/turtlebot3_description/share/turtlebot3_description/package.dsv
[1.110s] -- Up-to-date symlink: /home/radxa/turtlebot3_ws/install/turtlebot3_description/share/ament_index/resource_index/packages/turtlebot3_description
[1.110s] -- Up-to-date symlink: /home/radxa/turtlebot3_ws/install/turtlebot3_description/share/turtlebot3_description/cmake/turtlebot3_descriptionConfig.cmake
[1.114s] -- Up-to-date symlink: /home/radxa/turtlebot3_ws/install/turtlebot3_description/share/turtlebot3_description/cmake/turtlebot3_descriptionConfig-version.cmake
[1.117s] -- Up-to-date symlink: /home/radxa/turtlebot3_ws/install/turtlebot3_description/share/turtlebot3_description/package.xml
[1.191s] Invoked command in '/home/radxa/turtlebot3_ws/build/turtlebot3_description' returned '0': CMAKE_PREFIX_PATH=${CMAKE_PREFIX_PATH}:/home/radxa/turtlebot3_ws/install/turtlebot3_teleop:/home/radxa/turtlebot3_ws/install/turtlebot3_example:/home/radxa/turtlebot3_ws/install/robot_base_interface:/opt/ros/jazzy DEBUGINFOD_URLS=https://debuginfod.ubuntu.com /usr/bin/cmake --install /home/radxa/turtlebot3_ws/build/turtlebot3_description
