[0.866s] Invoking command in '/home/radxa/turtlebot3_ws/build/rplidar_ros': CMAKE_PREFIX_PATH=${CMAKE_PREFIX_PATH}:/home/radxa/turtlebot3_ws/install/turtlebot3_teleop:/home/radxa/turtlebot3_ws/install/turtlebot3_example:/home/radxa/turtlebot3_ws/install/robot_base_interface:/opt/ros/jazzy DEBUGINFOD_URLS=https://debuginfod.ubuntu.com /usr/bin/cmake --build /home/radxa/turtlebot3_ws/build/rplidar_ros -- -j8 -l8
[0.994s] [  5%] Built target rplidar_client
[1.005s] [ 52%] Built target rplidar_node
[1.019s] [100%] Built target rplidar_composition
[1.150s] Invoked command in '/home/radxa/turtlebot3_ws/build/rplidar_ros' returned '0': CMAKE_PREFIX_PATH=${CMAKE_PREFIX_PATH}:/home/radxa/turtlebot3_ws/install/turtlebot3_teleop:/home/radxa/turtlebot3_ws/install/turtlebot3_example:/home/radxa/turtlebot3_ws/install/robot_base_interface:/opt/ros/jazzy DEBUGINFOD_URLS=https://debuginfod.ubuntu.com /usr/bin/cmake --build /home/radxa/turtlebot3_ws/build/rplidar_ros -- -j8 -l8
[1.151s] Invoking command in '/home/radxa/turtlebot3_ws/build/rplidar_ros': CMAKE_PREFIX_PATH=${CMAKE_PREFIX_PATH}:/home/radxa/turtlebot3_ws/install/turtlebot3_teleop:/home/radxa/turtlebot3_ws/install/turtlebot3_example:/home/radxa/turtlebot3_ws/install/robot_base_interface:/opt/ros/jazzy DEBUGINFOD_URLS=https://debuginfod.ubuntu.com /usr/bin/cmake --install /home/radxa/turtlebot3_ws/build/rplidar_ros
[1.180s] -- Install configuration: ""
[1.180s] -- Execute custom install script
[1.182s] -- Up-to-date symlink: /home/radxa/turtlebot3_ws/install/rplidar_ros/share/rplidar_ros/launch/rplidar_a1_launch.py
[1.182s] -- Up-to-date symlink: /home/radxa/turtlebot3_ws/install/rplidar_ros/share/rplidar_ros/launch/rplidar_a2m12_launch.py
[1.183s] -- Up-to-date symlink: /home/radxa/turtlebot3_ws/install/rplidar_ros/share/rplidar_ros/launch/rplidar_a2m7_launch.py
[1.183s] -- Up-to-date symlink: /home/radxa/turtlebot3_ws/install/rplidar_ros/share/rplidar_ros/launch/rplidar_a2m8_launch.py
[1.186s] -- Up-to-date symlink: /home/radxa/turtlebot3_ws/install/rplidar_ros/share/rplidar_ros/launch/rplidar_a3_launch.py
[1.187s] -- Up-to-date symlink: /home/radxa/turtlebot3_ws/install/rplidar_ros/share/rplidar_ros/launch/rplidar_c1_launch.py
[1.188s] -- Up-to-date symlink: /home/radxa/turtlebot3_ws/install/rplidar_ros/share/rplidar_ros/launch/rplidar_s1_launch.py
[1.188s] -- Up-to-date symlink: /home/radxa/turtlebot3_ws/install/rplidar_ros/share/rplidar_ros/launch/rplidar_s1_tcp_launch.py
[1.188s] -- Up-to-date symlink: /home/radxa/turtlebot3_ws/install/rplidar_ros/share/rplidar_ros/launch/rplidar_s2_launch.py
[1.188s] -- Up-to-date symlink: /home/radxa/turtlebot3_ws/install/rplidar_ros/share/rplidar_ros/launch/rplidar_s2e_launch.py
[1.189s] -- Up-to-date symlink: /home/radxa/turtlebot3_ws/install/rplidar_ros/share/rplidar_ros/launch/rplidar_s3_launch.py
[1.189s] -- Up-to-date symlink: /home/radxa/turtlebot3_ws/install/rplidar_ros/share/rplidar_ros/launch/rplidar_t1_launch.py
[1.190s] -- Up-to-date symlink: /home/radxa/turtlebot3_ws/install/rplidar_ros/share/rplidar_ros/launch/view_rplidar_a1_launch.py
[1.190s] -- Up-to-date symlink: /home/radxa/turtlebot3_ws/install/rplidar_ros/share/rplidar_ros/launch/view_rplidar_a2m12_launch.py
[1.191s] -- Up-to-date symlink: /home/radxa/turtlebot3_ws/install/rplidar_ros/share/rplidar_ros/launch/view_rplidar_a2m7_launch.py
[1.191s] -- Up-to-date symlink: /home/radxa/turtlebot3_ws/install/rplidar_ros/share/rplidar_ros/launch/view_rplidar_a2m8_launch.py
[1.191s] -- Up-to-date symlink: /home/radxa/turtlebot3_ws/install/rplidar_ros/share/rplidar_ros/launch/view_rplidar_a3_launch.py
[1.191s] -- Up-to-date symlink: /home/radxa/turtlebot3_ws/install/rplidar_ros/share/rplidar_ros/launch/view_rplidar_c1_launch.py
[1.192s] -- Up-to-date symlink: /home/radxa/turtlebot3_ws/install/rplidar_ros/share/rplidar_ros/launch/view_rplidar_s1_launch.py
[1.192s] -- Up-to-date symlink: /home/radxa/turtlebot3_ws/install/rplidar_ros/share/rplidar_ros/launch/view_rplidar_s1_tcp_launch.py
[1.193s] -- Up-to-date symlink: /home/radxa/turtlebot3_ws/install/rplidar_ros/share/rplidar_ros/launch/view_rplidar_s2_launch.py
[1.194s] -- Up-to-date symlink: /home/radxa/turtlebot3_ws/install/rplidar_ros/share/rplidar_ros/launch/view_rplidar_s2e_launch.py
[1.194s] -- Up-to-date symlink: /home/radxa/turtlebot3_ws/install/rplidar_ros/share/rplidar_ros/launch/view_rplidar_s3_launch.py
[1.194s] -- Up-to-date symlink: /home/radxa/turtlebot3_ws/install/rplidar_ros/share/rplidar_ros/launch/view_rplidar_t1_launch.py
[1.194s] -- Up-to-date symlink: /home/radxa/turtlebot3_ws/install/rplidar_ros/share/rplidar_ros/rviz/rplidar_ros.rviz
[1.195s] -- Up-to-date symlink: /home/radxa/turtlebot3_ws/install/rplidar_ros/lib/rplidar_ros/rplidar_node
[1.195s] -- Up-to-date symlink: /home/radxa/turtlebot3_ws/install/rplidar_ros/lib/rplidar_ros/rplidar_composition
[1.195s] -- Up-to-date symlink: /home/radxa/turtlebot3_ws/install/rplidar_ros/lib/rplidar_ros/rplidar_client
[1.197s] -- Up-to-date symlink: /home/radxa/turtlebot3_ws/install/rplidar_ros/share/ament_index/resource_index/package_run_dependencies/rplidar_ros
[1.198s] -- Up-to-date symlink: /home/radxa/turtlebot3_ws/install/rplidar_ros/share/ament_index/resource_index/parent_prefix_path/rplidar_ros
[1.199s] -- Up-to-date symlink: /home/radxa/turtlebot3_ws/install/rplidar_ros/share/rplidar_ros/environment/ament_prefix_path.sh
[1.199s] -- Up-to-date symlink: /home/radxa/turtlebot3_ws/install/rplidar_ros/share/rplidar_ros/environment/ament_prefix_path.dsv
[1.200s] -- Up-to-date symlink: /home/radxa/turtlebot3_ws/install/rplidar_ros/share/rplidar_ros/environment/path.sh
[1.200s] -- Up-to-date symlink: /home/radxa/turtlebot3_ws/install/rplidar_ros/share/rplidar_ros/environment/path.dsv
[1.200s] -- Up-to-date symlink: /home/radxa/turtlebot3_ws/install/rplidar_ros/share/rplidar_ros/local_setup.bash
[1.201s] -- Up-to-date symlink: /home/radxa/turtlebot3_ws/install/rplidar_ros/share/rplidar_ros/local_setup.sh
[1.201s] -- Up-to-date symlink: /home/radxa/turtlebot3_ws/install/rplidar_ros/share/rplidar_ros/local_setup.zsh
[1.201s] -- Up-to-date symlink: /home/radxa/turtlebot3_ws/install/rplidar_ros/share/rplidar_ros/local_setup.dsv
[1.202s] -- Symlinking: /home/radxa/turtlebot3_ws/install/rplidar_ros/share/rplidar_ros/package.dsv
[1.225s] -- Up-to-date symlink: /home/radxa/turtlebot3_ws/install/rplidar_ros/share/ament_index/resource_index/packages/rplidar_ros
[1.226s] -- Up-to-date symlink: /home/radxa/turtlebot3_ws/install/rplidar_ros/share/rplidar_ros/cmake/ament_cmake_export_dependencies-extras.cmake
[1.226s] -- Up-to-date symlink: /home/radxa/turtlebot3_ws/install/rplidar_ros/share/rplidar_ros/cmake/ament_cmake_export_include_directories-extras.cmake
[1.228s] -- Up-to-date symlink: /home/radxa/turtlebot3_ws/install/rplidar_ros/share/rplidar_ros/cmake/rplidar_rosConfig.cmake
[1.229s] -- Up-to-date symlink: /home/radxa/turtlebot3_ws/install/rplidar_ros/share/rplidar_ros/cmake/rplidar_rosConfig-version.cmake
[1.229s] -- Up-to-date symlink: /home/radxa/turtlebot3_ws/install/rplidar_ros/share/rplidar_ros/package.xml
[1.240s] Invoked command in '/home/radxa/turtlebot3_ws/build/rplidar_ros' returned '0': CMAKE_PREFIX_PATH=${CMAKE_PREFIX_PATH}:/home/radxa/turtlebot3_ws/install/turtlebot3_teleop:/home/radxa/turtlebot3_ws/install/turtlebot3_example:/home/radxa/turtlebot3_ws/install/robot_base_interface:/opt/ros/jazzy DEBUGINFOD_URLS=https://debuginfod.ubuntu.com /usr/bin/cmake --install /home/radxa/turtlebot3_ws/build/rplidar_ros
